{"sessionId": "9376b5", "hypothesisId": "voices-core", "location": "voices.py:list_voices", "message": "Core list_voices", "data": {"x_user_id": "cmmdqrpv"}, "timestamp": 1773065484675.404}
{"sessionId": "9376b5", "hypothesisId": "voices-core", "location": "voices.py:list_voices", "message": "Core list_voices result", "data": {"count": 5}, "timestamp": 1773065484702.3223}
{"sessionId": "9376b5", "hypothesisId": "voices-core", "location": "voices.py:list_voices", "message": "Core list_voices", "data": {"x_user_id": "cmmdqrpv"}, "timestamp": 1773065484757.1345}
{"sessionId": "9376b5", "hypothesisId": "listbooks-core", "location": "app_pipeline.py:list_books", "message": "Core list_books entry", "data": {"user_id": "igor9105", "project_id": "cmmj6o59"}, "timestamp": 1773065484756}
{"sessionId": "9376b5", "hypothesisId": "voices-core", "location": "voices.py:list_voices", "message": "Core list_voices result", "data": {"count": 5}, "timestamp": 1773065484782.137}
{"sessionId": "9376b5", "hypothesisId": "listbooks-core", "location": "app_pipeline.py:list_books", "message": "Core list_books result", "data": {"count": 1, "user_id": "igor9105", "project_id": "cmmj6o59"}, "timestamp": 1773065484790}
{"sessionId": "9376b5", "hypothesisId": "listbooks-core", "location": "app_pipeline.py:list_books", "message": "Core list_books entry", "data": {"user_id": "igor9105", "project_id": "cmmj6o59"}, "timestamp": 1773065484820}
{"sessionId": "9376b5", "hypothesisId": "listbooks-core", "location": "app_pipeline.py:list_books", "message": "Core list_books result", "data": {"count": 1, "user_id": "igor9105", "project_id": "cmmj6o59"}, "timestamp": 1773065484846}
{"sessionId": "9376b5", "hypothesisId": "voices-core", "location": "voices.py:list_voices", "message": "Core list_voices", "data": {"x_user_id": "cmmdqrpv"}, "timestamp": 1773066264641.5398}
{"sessionId": "9376b5", "hypothesisId": "voices-core", "location": "voices.py:list_voices", "message": "Core list_voices result", "data": {"count": 5}, "timestamp": 1773066264669.4412}
{"sessionId": "9376b5", "hypothesisId": "voices-core", "location": "voices.py:list_voices", "message": "Core list_voices", "data": {"x_user_id": "cmmdqrpv"}, "timestamp": 1773066264698.4182}
{"sessionId": "9376b5", "hypothesisId": "listbooks-core", "location": "app_pipeline.py:list_books", "message": "Core list_books entry", "data": {"user_id": "igor9105", "project_id": "cmmj6o59"}, "timestamp": 1773066264720}
{"sessionId": "9376b5", "hypothesisId": "voices-core", "location": "voices.py:list_voices", "message": "Core list_voices result", "data": {"count": 5}, "timestamp": 1773066264723.563}
{"sessionId": "9376b5", "hypothesisId": "listbooks-core", "location": "app_pipeline.py:list_books", "message": "Core list_books result", "data": {"count": 1, "user_id": "igor9105", "project_id": "cmmj6o59"}, "timestamp": 1773066264750}
{"sessionId": "9376b5", "hypothesisId": "listbooks-core", "location": "app_pipeline.py:list_books", "message": "Core list_books entry", "data": {"user_id": "igor9105", "project_id": "cmmj6o59"}, "timestamp": 1773066264765}
{"sessionId": "9376b5", "hypothesisId": "listbooks-core", "location": "app_pipeline.py:list_books", "message": "Core list_books result", "data": {"count": 1, "user_id": "igor9105", "project_id": "cmmj6o59"}, "timestamp": 1773066264792}
{"sessionId": "9376b5", "hypothesisId": "voices-core", "location": "voices.py:list_voices", "message": "Core list_voices", "data": {"x_user_id": "cmmdqrpv"}, "timestamp": 1773066617043.1914}
{"sessionId": "9376b5", "hypothesisId": "voices-core", "location": "voices.py:list_voices", "message": "Core list_voices result", "data": {"count": 5}, "timestamp": 1773066617066.7017}
{"sessionId": "9376b5", "hypothesisId": "voices-core", "location": "voices.py:list_voices", "message": "Core list_voices", "data": {"x_user_id": "cmmdqrpv"}, "timestamp": 1773066617086.951}
{"sessionId": "9376b5", "hypothesisId": "listbooks-core", "location": "app_pipeline.py:list_books", "message": "Core list_books entry", "data": {"user_id": "igor9105", "project_id": "cmmj6o59"}, "timestamp": 1773066617105}
{"sessionId": "9376b5", "hypothesisId": "voices-core", "location": "voices.py:list_voices", "message": "Core list_voices result", "data": {"count": 5}, "timestamp": 1773066617110.686}
{"sessionId": "9376b5", "hypothesisId": "listbooks-core", "location": "app_pipeline.py:list_books", "message": "Core list_books result", "data": {"count": 1, "user_id": "igor9105", "project_id": "cmmj6o59"}, "timestamp": 1773066617132}
{"sessionId": "9376b5", "hypothesisId": "listbooks-core", "location": "app_pipeline.py:list_books", "message": "Core list_books entry", "data": {"user_id": "igor9105", "project_id": "cmmj6o59"}, "timestamp": 1773066617148}
{"sessionId": "9376b5", "hypothesisId": "listbooks-core", "location": "app_pipeline.py:list_books", "message": "Core list_books result", "data": {"count": 1, "user_id": "igor9105", "project_id": "cmmj6o59"}, "timestamp": 1773066617177}
{"sessionId": "9376b5", "hypothesisId": "voices-core", "location": "voices.py:list_voices", "message": "Core list_voices", "data": {"x_user_id": "cmmdqrpv"}, "timestamp": 1773067578303.1477}
{"sessionId": "9376b5", "hypothesisId": "voices-core", "location": "voices.py:list_voices", "message": "Core list_voices result", "data": {"count": 5}, "timestamp": 1773067578328.4326}
{"sessionId": "9376b5", "hypothesisId": "voices-core", "location": "voices.py:list_voices", "message": "Core list_voices", "data": {"x_user_id": "cmmdqrpv"}, "timestamp": 1773067578355.0896}
{"sessionId": "9376b5", "hypothesisId": "listbooks-core", "location": "app_pipeline.py:list_books", "message": "Core list_books entry", "data": {"user_id": "igor9105", "project_id": "cmmj6o59"}, "timestamp": 1773067578362}
{"sessionId": "9376b5", "hypothesisId": "voices-core", "location": "voices.py:list_voices", "message": "Core list_voices result", "data": {"count": 5}, "timestamp": 1773067578377.6233}
{"sessionId": "9376b5", "hypothesisId": "listbooks-core", "location": "app_pipeline.py:list_books", "message": "Core list_books result", "data": {"count": 1, "user_id": "igor9105", "project_id": "cmmj6o59"}, "timestamp": 1773067578389}
{"sessionId": "9376b5", "hypothesisId": "listbooks-core", "location": "app_pipeline.py:list_books", "message": "Core list_books entry", "data": {"user_id": "igor9105", "project_id": "cmmj6o59"}, "timestamp": 1773067578405}
{"sessionId": "9376b5", "hypothesisId": "listbooks-core", "location": "app_pipeline.py:list_books", "message": "Core list_books result", "data": {"count": 1, "user_id": "igor9105", "project_id": "cmmj6o59"}, "timestamp": 1773067578431}
{"sessionId": "9376b5", "hypothesisId": "voices-core", "location": "voices.py:list_voices", "message": "Core list_voices", "data": {"x_user_id": "cmmdqrpv"}, "timestamp": 1773067584069.3064}
{"sessionId": "9376b5", "hypothesisId": "voices-core", "location": "voices.py:list_voices", "message": "Core list_voices result", "data": {"count": 5}, "timestamp": 1773067584084.9097}
{"sessionId": "9376b5", "hypothesisId": "voices-core", "location": "voices.py:list_voices", "message": "Core list_voices", "data": {"x_user_id": "cmmdqrpv"}, "timestamp": 1773067584373.0996}
{"sessionId": "9376b5", "hypothesisId": "voices-core", "location": "voices.py:list_voices", "message": "Core list_voices result", "data": {"count": 5}, "timestamp": 1773067584403.3032}
{"sessionId": "9376b5", "hypothesisId": "voices-core", "location": "voices.py:list_voices", "message": "Core list_voices", "data": {"x_user_id": "cmmdqrpv"}, "timestamp": 1773067584429.9792}
{"sessionId": "9376b5", "hypothesisId": "listbooks-core", "location": "app_pipeline.py:list_books", "message": "Core list_books entry", "data": {"user_id": "igor9105", "project_id": "cmmjanrs"}, "timestamp": 1773067584437}
{"sessionId": "9376b5", "hypothesisId": "voices-core", "location": "voices.py:list_voices", "message": "Core list_voices result", "data": {"count": 5}, "timestamp": 1773067584452.3281}
{"sessionId": "9376b5", "hypothesisId": "listbooks-core", "location": "app_pipeline.py:list_books", "message": "Core list_books result", "data": {"count": 0, "user_id": "igor9105", "project_id": "cmmjanrs"}, "timestamp": 1773067584460}
{"sessionId": "9376b5", "hypothesisId": "listbooks-core", "location": "app_pipeline.py:list_books", "message": "Core list_books entry", "data": {"user_id": "igor9105", "project_id": "cmmjanrs"}, "timestamp": 1773067584478}
{"sessionId": "9376b5", "hypothesisId": "listbooks-core", "location": "app_pipeline.py:list_books", "message": "Core list_books result", "data": {"count": 0, "user_id": "igor9105", "project_id": "cmmjanrs"}, "timestamp": 1773067584502}
{"sessionId": "9376b5", "hypothesisId": "upload-core", "location": "books.py:upload_book", "message": "Core upload_book entry", "data": {"user_id": "igor9105", "project_id": "cmmjanrs"}, "timestamp": 1773067593379}
{"sessionId": "9376b5", "hypothesisId": "upload-core", "location": "books.py:upload_book", "message": "Core upload_book success", "data": {"book_id": "8f7ccd60", "project_id": "cmmjanrs"}, "timestamp": 1773067593406}
{"sessionId": "9376b5", "hypothesisId": "voices-core", "location": "voices.py:list_voices", "message": "Core list_voices", "data": {"x_user_id": "cmmdqrpv"}, "timestamp": 1773067593453.0317}
{"sessionId": "9376b5", "hypothesisId": "voices-core", "location": "voices.py:list_voices", "message": "Core list_voices result", "data": {"count": 5}, "timestamp": 1773067593472.68}
{"sessionId": "9376b5", "hypothesisId": "listbooks-core", "location": "app_pipeline.py:list_books", "message": "Core list_books entry", "data": {"user_id": "igor9105", "project_id": "cmmjanrs"}, "timestamp": 1773067593492}
{"sessionId": "9376b5", "hypothesisId": "listbooks-core", "location": "app_pipeline.py:list_books", "message": "Core list_books result", "data": {"count": 1, "user_id": "igor9105", "project_id": "cmmjanrs"}, "timestamp": 1773067593528}
{"sessionId": "9376b5", "hypothesisId": "voices-core", "location": "voices.py:list_voices", "message": "Core list_voices", "data": {"x_user_id": "cmmdqrpv"}, "timestamp": 1773067982413.822}
{"sessionId": "9376b5", "hypothesisId": "voices-core", "location": "voices.py:list_voices", "message": "Core list_voices result", "data": {"count": 5}, "timestamp": 1773067982438.6226}
{"sessionId": "9376b5", "hypothesisId": "voices-core", "location": "voices.py:list_voices", "message": "Core list_voices", "data": {"x_user_id": "cmmdqrpv"}, "timestamp": 1773067982461.555}
{"sessionId": "9376b5", "hypothesisId": "listbooks-core", "location": "app_pipeline.py:list_books", "message": "Core list_books entry", "data": {"user_id": "igor9105", "project_id": "cmmjanrs"}, "timestamp": 1773067982470}
{"sessionId": "9376b5", "hypothesisId": "voices-core", "location": "voices.py:list_voices", "message": "Core list_voices result", "data": {"count": 5}, "timestamp": 1773067982485.575}
{"sessionId": "9376b5", "hypothesisId": "listbooks-core", "location": "app_pipeline.py:list_books", "message": "Core list_books result", "data": {"count": 1, "user_id": "igor9105", "project_id": "cmmjanrs"}, "timestamp": 1773067982513}
{"sessionId": "9376b5", "hypothesisId": "listbooks-core", "location": "app_pipeline.py:list_books", "message": "Core list_books entry", "data": {"user_id": "igor9105", "project_id": "cmmjanrs"}, "timestamp": 1773067982531}
{"sessionId": "9376b5", "hypothesisId": "listbooks-core", "location": "app_pipeline.py:list_books", "message": "Core list_books result", "data": {"count": 1, "user_id": "igor9105", "project_id": "cmmjanrs"}, "timestamp": 1773067982571}
{"sessionId": "9376b5", "hypothesisId": "voices-core", "location": "voices.py:list_voices", "message": "Core list_voices", "data": {"x_user_id": "cmmdqrpv"}, "timestamp": 1773068233077.3132}
{"sessionId": "9376b5", "hypothesisId": "voices-core", "location": "voices.py:list_voices", "message": "Core list_voices result", "data": {"count": 5}, "timestamp": 1773068233103.1252}
{"sessionId": "9376b5", "hypothesisId": "voices-core", "location": "voices.py:list_voices", "message": "Core list_voices", "data": {"x_user_id": "cmmdqrpv"}, "timestamp": 1773068233128.392}
{"sessionId": "9376b5", "hypothesisId": "listbooks-core", "location": "app_pipeline.py:list_books", "message": "Core list_books entry", "data": {"user_id": "igor9105", "project_id": "cmmjanrs"}, "timestamp": 1773068233138}
{"sessionId": "9376b5", "hypothesisId": "voices-core", "location": "voices.py:list_voices", "message": "Core list_voices result", "data": {"count": 5}, "timestamp": 1773068233151.7131}
{"sessionId": "9376b5", "hypothesisId": "listbooks-core", "location": "app_pipeline.py:list_books", "message": "Core list_books result", "data": {"count": 1, "user_id": "igor9105", "project_id": "cmmjanrs"}, "timestamp": 1773068233177}
{"sessionId": "9376b5", "hypothesisId": "listbooks-core", "location": "app_pipeline.py:list_books", "message": "Core list_books entry", "data": {"user_id": "igor9105", "project_id": "cmmjanrs"}, "timestamp": 1773068233194}
{"sessionId": "9376b5", "hypothesisId": "listbooks-core", "location": "app_pipeline.py:list_books", "message": "Core list_books result", "data": {"count": 1, "user_id": "igor9105", "project_id": "cmmjanrs"}, "timestamp": 1773068233232}
{"sessionId": "9376b5", "hypothesisId": "voices-core", "location": "voices.py:list_voices", "message": "Core list_voices", "data": {"x_user_id": "cmmdqrpv"}, "timestamp": 1773068940950.6758}
{"sessionId": "9376b5", "hypothesisId": "voices-core", "location": "voices.py:list_voices", "message": "Core list_voices result", "data": {"count": 5}, "timestamp": 1773068940976.987}
{"sessionId": "9376b5", "hypothesisId": "voices-core", "location": "voices.py:list_voices", "message": "Core list_voices", "data": {"x_user_id": "cmmdqrpv"}, "timestamp": 1773068941007.2073}
{"sessionId": "9376b5", "hypothesisId": "listbooks-core", "location": "app_pipeline.py:list_books", "message": "Core list_books entry", "data": {"user_id": "igor9105", "project_id": "cmmjanrs"}, "timestamp": 1773068941015}
{"sessionId": "9376b5", "hypothesisId": "voices-core", "location": "voices.py:list_voices", "message": "Core list_voices result", "data": {"count": 5}, "timestamp": 1773068941031.0122}
{"sessionId": "9376b5", "hypothesisId": "listbooks-core", "location": "app_pipeline.py:list_books", "message": "Core list_books result", "data": {"count": 1, "user_id": "igor9105", "project_id": "cmmjanrs"}, "timestamp": 1773068941057}
{"sessionId": "9376b5", "hypothesisId": "listbooks-core", "location": "app_pipeline.py:list_books", "message": "Core list_books entry", "data": {"user_id": "igor9105", "project_id": "cmmjanrs"}, "timestamp": 1773068941077}
{"sessionId": "9376b5", "hypothesisId": "listbooks-core", "location": "app_pipeline.py:list_books", "message": "Core list_books result", "data": {"count": 1, "user_id": "igor9105", "project_id": "cmmjanrs"}, "timestamp": 1773068941118}
{"sessionId": "9376b5", "hypothesisId": "voices-core", "location": "voices.py:list_voices", "message": "Core list_voices", "data": {"x_user_id": "cmmdqrpv"}, "timestamp": 1773071490359.9905}
{"sessionId": "9376b5", "hypothesisId": "voices-core", "location": "voices.py:list_voices", "message": "Core list_voices result", "data": {"count": 5}, "timestamp": 1773071490383.9087}
{"sessionId": "9376b5", "hypothesisId": "listbooks-core", "location": "app_pipeline.py:list_books", "message": "Core list_books entry", "data": {"user_id": "igor9105", "project_id": "cmmjanrs"}, "timestamp": 1773071490417}
{"sessionId": "9376b5", "hypothesisId": "voices-core", "location": "voices.py:list_voices", "message": "Core list_voices", "data": {"x_user_id": "cmmdqrpv"}, "timestamp": 1773071490422.5312}
{"sessionId": "9376b5", "hypothesisId": "voices-core", "location": "voices.py:list_voices", "message": "Core list_voices result", "data": {"count": 5}, "timestamp": 1773071490442.3208}
{"sessionId": "9376b5", "hypothesisId": "listbooks-core", "location": "app_pipeline.py:list_books", "message": "Core list_books result", "data": {"count": 1, "user_id": "igor9105", "project_id": "cmmjanrs"}, "timestamp": 1773071490457}
{"sessionId": "9376b5", "hypothesisId": "listbooks-core", "location": "app_pipeline.py:list_books", "message": "Core list_books entry", "data": {"user_id": "igor9105", "project_id": "cmmjanrs"}, "timestamp": 1773071490474}
{"sessionId": "9376b5", "hypothesisId": "listbooks-core", "location": "app_pipeline.py:list_books", "message": "Core list_books result", "data": {"count": 1, "user_id": "igor9105", "project_id": "cmmjanrs"}, "timestamp": 1773071490512}
{"sessionId": "9376b5", "hypothesisId": "voices-core", "location": "voices.py:list_voices", "message": "Core list_voices", "data": {"x_user_id": "cmmdqrpv"}, "timestamp": 1773071662499.9023}
{"sessionId": "9376b5", "hypothesisId": "voices-core", "location": "voices.py:list_voices", "message": "Core list_voices result", "data": {"count": 5}, "timestamp": 1773071662516.107}
{"sessionId": "9376b5", "hypothesisId": "listbooks-core", "location": "app_pipeline.py:list_books", "message": "Core list_books entry", "data": {"user_id": "igor9105", "project_id": "cmmjanrs"}, "timestamp": 1773071662541}
{"sessionId": "9376b5", "hypothesisId": "listbooks-core", "location": "app_pipeline.py:list_books", "message": "Core list_books result", "data": {"count": 1, "user_id": "igor9105", "project_id": "cmmjanrs"}, "timestamp": 1773071662576}
{"sessionId": "9376b5", "hypothesisId": "voices-core", "location": "voices.py:list_voices", "message": "Core list_voices", "data": {"x_user_id": "cmmdqrpv"}, "timestamp": 1773072458014.081}
{"sessionId": "9376b5", "hypothesisId": "voices-core", "location": "voices.py:list_voices", "message": "Core list_voices result", "data": {"count": 5}, "timestamp": 1773072458036.4673}
{"sessionId": "9376b5", "hypothesisId": "voices-core", "location": "voices.py:list_voices", "message": "Core list_voices", "data": {"x_user_id": "cmmdqrpv"}, "timestamp": 1773072458057.8354}
{"sessionId": "9376b5", "hypothesisId": "listbooks-core", "location": "app_pipeline.py:list_books", "message": "Core list_books entry", "data": {"user_id": "igor9105", "project_id": "cmmjanrs"}, "timestamp": 1773072458075}
{"sessionId": "9376b5", "hypothesisId": "voices-core", "location": "voices.py:list_voices", "message": "Core list_voices result", "data": {"count": 5}, "timestamp": 1773072458079.9875}
{"sessionId": "9376b5", "hypothesisId": "listbooks-core", "location": "app_pipeline.py:list_books", "message": "Core list_books result", "data": {"count": 1, "user_id": "igor9105", "project_id": "cmmjanrs"}, "timestamp": 1773072458110}
{"sessionId": "9376b5", "hypothesisId": "listbooks-core", "location": "app_pipeline.py:list_books", "message": "Core list_books entry", "data": {"user_id": "igor9105", "project_id": "cmmjanrs"}, "timestamp": 1773072458124}
{"sessionId": "9376b5", "hypothesisId": "listbooks-core", "location": "app_pipeline.py:list_books", "message": "Core list_books result", "data": {"count": 1, "user_id": "igor9105", "project_id": "cmmjanrs"}, "timestamp": 1773072458145}
{"sessionId": "9376b5", "hypothesisId": "voices-core", "location": "voices.py:list_voices", "message": "Core list_voices", "data": {"x_user_id": "cmmdqrpv"}, "timestamp": 1773072767494.3508}
{"sessionId": "9376b5", "hypothesisId": "voices-core", "location": "voices.py:list_voices", "message": "Core list_voices result", "data": {"count": 5}, "timestamp": 1773072767516.7961}
{"sessionId": "9376b5", "hypothesisId": "voices-core", "location": "voices.py:list_voices", "message": "Core list_voices", "data": {"x_user_id": "cmmdqrpv"}, "timestamp": 1773072767540.2185}
{"sessionId": "9376b5", "hypothesisId": "listbooks-core", "location": "app_pipeline.py:list_books", "message": "Core list_books entry", "data": {"user_id": "igor9105", "project_id": "cmmjanrs"}, "timestamp": 1773072767547}
{"sessionId": "9376b5", "hypothesisId": "voices-core", "location": "voices.py:list_voices", "message": "Core list_voices result", "data": {"count": 5}, "timestamp": 1773072767561.0776}
{"sessionId": "9376b5", "hypothesisId": "listbooks-core", "location": "app_pipeline.py:list_books", "message": "Core list_books result", "data": {"count": 1, "user_id": "igor9105", "project_id": "cmmjanrs"}, "timestamp": 1773072767586}
{"sessionId": "9376b5", "hypothesisId": "listbooks-core", "location": "app_pipeline.py:list_books", "message": "Core list_books entry", "data": {"user_id": "igor9105", "project_id": "cmmjanrs"}, "timestamp": 1773072767601}
{"sessionId": "9376b5", "hypothesisId": "listbooks-core", "location": "app_pipeline.py:list_books", "message": "Core list_books result", "data": {"count": 1, "user_id": "igor9105", "project_id": "cmmjanrs"}, "timestamp": 1773072767626}
{"sessionId": "9376b5", "hypothesisId": "voices-core", "location": "voices.py:list_voices", "message": "Core list_voices", "data": {"x_user_id": "cmmdqrpv"}, "timestamp": 1773072820554.026}
{"sessionId": "9376b5", "hypothesisId": "voices-core", "location": "voices.py:list_voices", "message": "Core list_voices result", "data": {"count": 5}, "timestamp": 1773072820573.6567}
{"sessionId": "9376b5", "hypothesisId": "voices-core", "location": "voices.py:list_voices", "message": "Core list_voices", "data": {"x_user_id": "cmmdqrpv"}, "timestamp": 1773072820857.4038}
{"sessionId": "9376b5", "hypothesisId": "voices-core", "location": "voices.py:list_voices", "message": "Core list_voices result", "data": {"count": 5}, "timestamp": 1773072820885.4958}
{"sessionId": "9376b5", "hypothesisId": "voices-core", "location": "voices.py:list_voices", "message": "Core list_voices", "data": {"x_user_id": "cmmdqrpv"}, "timestamp": 1773072820910.4155}
{"sessionId": "9376b5", "hypothesisId": "listbooks-core", "location": "app_pipeline.py:list_books", "message": "Core list_books entry", "data": {"user_id": "igor9105", "project_id": "cmmjds0a"}, "timestamp": 1773072820918}
{"sessionId": "9376b5", "hypothesisId": "voices-core", "location": "voices.py:list_voices", "message": "Core list_voices result", "data": {"count": 5}, "timestamp": 1773072820931.3809}
{"sessionId": "9376b5", "hypothesisId": "listbooks-core", "location": "app_pipeline.py:list_books", "message": "Core list_books result", "data": {"count": 0, "user_id": "igor9105", "project_id": "cmmjds0a"}, "timestamp": 1773072820950}
{"sessionId": "9376b5", "hypothesisId": "listbooks-core", "location": "app_pipeline.py:list_books", "message": "Core list_books entry", "data": {"user_id": "igor9105", "project_id": "cmmjds0a"}, "timestamp": 1773072820966}
{"sessionId": "9376b5", "hypothesisId": "listbooks-core", "location": "app_pipeline.py:list_books", "message": "Core list_books result", "data": {"count": 0, "user_id": "igor9105", "project_id": "cmmjds0a"}, "timestamp": 1773072821001}
{"sessionId": "9376b5", "hypothesisId": "upload-core", "location": "books.py:upload_book", "message": "Core upload_book entry", "data": {"user_id": "igor9105", "project_id": "cmmjds0a"}, "timestamp": 1773072830210}
{"sessionId": "9376b5", "hypothesisId": "upload-core", "location": "books.py:upload_book", "message": "Core upload_book success", "data": {"book_id": "18c24f9d", "project_id": "cmmjds0a"}, "timestamp": 1773072830265}
{"sessionId": "9376b5", "hypothesisId": "voices-core", "location": "voices.py:list_voices", "message": "Core list_voices", "data": {"x_user_id": "cmmdqrpv"}, "timestamp": 1773072830336.2275}
{"sessionId": "9376b5", "hypothesisId": "voices-core", "location": "voices.py:list_voices", "message": "Core list_voices result", "data": {"count": 5}, "timestamp": 1773072830378.2466}
{"sessionId": "9376b5", "hypothesisId": "listbooks-core", "location": "app_pipeline.py:list_books", "message": "Core list_books entry", "data": {"user_id": "igor9105", "project_id": "cmmjds0a"}, "timestamp": 1773072830433}
{"sessionId": "9376b5", "hypothesisId": "listbooks-core", "location": "app_pipeline.py:list_books", "message": "Core list_books result", "data": {"count": 1, "user_id": "igor9105", "project_id": "cmmjds0a"}, "timestamp": 1773072832177}
{"sessionId": "9376b5", "hypothesisId": "voices-core", "location": "voices.py:list_voices", "message": "Core list_voices", "data": {"x_user_id": "cmmdqrpv"}, "timestamp": 1773072940068.302}
{"sessionId": "9376b5", "hypothesisId": "voices-core", "location": "voices.py:list_voices", "message": "Core list_voices result", "data": {"count": 5}, "timestamp": 1773072940091.4192}
{"sessionId": "9376b5", "hypothesisId": "listbooks-core", "location": "app_pipeline.py:list_books", "message": "Core list_books entry", "data": {"user_id": "igor9105", "project_id": "cmmjds0a"}, "timestamp": 1773072940112}
{"sessionId": "9376b5", "hypothesisId": "listbooks-core", "location": "app_pipeline.py:list_books", "message": "Core list_books result", "data": {"count": 1, "user_id": "igor9105", "project_id": "cmmjds0a"}, "timestamp": 1773072940134}
{"sessionId": "9376b5", "hypothesisId": "voices-core", "location": "voices.py:list_voices", "message": "Core list_voices", "data": {"x_user_id": "cmmdqrpv"}, "timestamp": 1773073196489.1868}
{"sessionId": "9376b5", "hypothesisId": "voices-core", "location": "voices.py:list_voices", "message": "Core list_voices result", "data": {"count": 5}, "timestamp": 1773073196507.4346}
{"sessionId": "9376b5", "hypothesisId": "voices-core", "location": "voices.py:list_voices", "message": "Core list_voices", "data": {"x_user_id": "cmmdqrpv"}, "timestamp": 1773073196818.4797}
{"sessionId": "9376b5", "hypothesisId": "voices-core", "location": "voices.py:list_voices", "message": "Core list_voices result", "data": {"count": 5}, "timestamp": 1773073196851.0557}
{"sessionId": "9376b5", "hypothesisId": "voices-core", "location": "voices.py:list_voices", "message": "Core list_voices", "data": {"x_user_id": "cmmdqrpv"}, "timestamp": 1773073196884.6704}
{"sessionId": "9376b5", "hypothesisId": "listbooks-core", "location": "app_pipeline.py:list_books", "message": "Core list_books entry", "data": {"user_id": "igor9105", "project_id": "cmmje02d"}, "timestamp": 1773073196898}
{"sessionId": "9376b5", "hypothesisId": "voices-core", "location": "voices.py:list_voices", "message": "Core list_voices result", "data": {"count": 5}, "timestamp": 1773073196911.8223}
{"sessionId": "9376b5", "hypothesisId": "listbooks-core", "location": "app_pipeline.py:list_books", "message": "Core list_books result", "data": {"count": 0, "user_id": "igor9105", "project_id": "cmmje02d"}, "timestamp": 1773073196946}
{"sessionId": "9376b5", "hypothesisId": "listbooks-core", "location": "app_pipeline.py:list_books", "message": "Core list_books entry", "data": {"user_id": "igor9105", "project_id": "cmmje02d"}, "timestamp": 1773073196967}
{"sessionId": "9376b5", "hypothesisId": "listbooks-core", "location": "app_pipeline.py:list_books", "message": "Core list_books result", "data": {"count": 0, "user_id": "igor9105", "project_id": "cmmje02d"}, "timestamp": 1773073197014}
{"sessionId": "9376b5", "hypothesisId": "upload-core", "location": "books.py:upload_book", "message": "Core upload_book entry", "data": {"user_id": "igor9105", "project_id": "cmmje02d"}, "timestamp": 1773073205724}
{"sessionId": "9376b5", "hypothesisId": "upload-core", "location": "books.py:upload_book", "message": "Core upload_book success", "data": {"book_id": "f457172c", "project_id": "cmmje02d"}, "timestamp": 1773073205766}
{"sessionId": "9376b5", "hypothesisId": "voices-core", "location": "voices.py:list_voices", "message": "Core list_voices", "data": {"x_user_id": "cmmdqrpv"}, "timestamp": 1773073205802.4683}
{"sessionId": "9376b5", "hypothesisId": "voices-core", "location": "voices.py:list_voices", "message": "Core list_voices result", "data": {"count": 5}, "timestamp": 1773073205821.8953}
{"sessionId": "9376b5", "hypothesisId": "listbooks-core", "location": "app_pipeline.py:list_books", "message": "Core list_books entry", "data": {"user_id": "igor9105", "project_id": "cmmje02d"}, "timestamp": 1773073205840}
{"sessionId": "9376b5", "hypothesisId": "listbooks-core", "location": "app_pipeline.py:list_books", "message": "Core list_books result", "data": {"count": 1, "user_id": "igor9105", "project_id": "cmmje02d"}, "timestamp": 1773073205888}
{"sessionId": "9376b5", "hypothesisId": "voices-core", "location": "voices.py:list_voices", "message": "Core list_voices", "data": {"x_user_id": "cmmdqrpv"}, "timestamp": 1773073364247.9636}
{"sessionId": "9376b5", "hypothesisId": "voices-core", "location": "voices.py:list_voices", "message": "Core list_voices result", "data": {"count": 5}, "timestamp": 1773073364999.3728}
{"sessionId": "9376b5", "hypothesisId": "listbooks-core", "location": "app_pipeline.py:list_books", "message": "Core list_books entry", "data": {"user_id": "igor9105", "project_id": "cmmje02d"}, "timestamp": 1773073365252}
{"sessionId": "9376b5", "hypothesisId": "voices-core", "location": "voices.py:list_voices", "message": "Core list_voices", "data": {"x_user_id": "cmmdqrpv"}, "timestamp": 1773073365269.2495}
{"sessionId": "9376b5", "hypothesisId": "voices-core", "location": "voices.py:list_voices", "message": "Core list_voices result", "data": {"count": 5}, "timestamp": 1773073366183.6785}
{"sessionId": "9376b5", "hypothesisId": "listbooks-core", "location": "app_pipeline.py:list_books", "message": "Core list_books result", "data": {"count": 1, "user_id": "igor9105", "project_id": "cmmje02d"}, "timestamp": 1773073367117}
{"sessionId": "9376b5", "hypothesisId": "listbooks-core", "location": "app_pipeline.py:list_books", "message": "Core list_books entry", "data": {"user_id": "igor9105", "project_id": "cmmje02d"}, "timestamp": 1773073367331}
{"sessionId": "9376b5", "hypothesisId": "listbooks-core", "location": "app_pipeline.py:list_books", "message": "Core list_books result", "data": {"count": 1, "user_id": "igor9105", "project_id": "cmmje02d"}, "timestamp": 1773073370818}
{"sessionId": "9376b5", "hypothesisId": "voices-core", "location": "voices.py:list_voices", "message": "Core list_voices", "data": {"x_user_id": "cmmdqrpv"}, "timestamp": 1773074534015.1775}
{"sessionId": "9376b5", "hypothesisId": "voices-core", "location": "voices.py:list_voices", "message": "Core list_voices result", "data": {"count": 5}, "timestamp": 1773074535143.6196}
{"sessionId": "9376b5", "hypothesisId": "voices-core", "location": "voices.py:list_voices", "message": "Core list_voices", "data": {"x_user_id": "cmmdqrpv"}, "timestamp": 1773074535468.114}
{"sessionId": "9376b5", "hypothesisId": "listbooks-core", "location": "app_pipeline.py:list_books", "message": "Core list_books entry", "data": {"user_id": "igor9105", "project_id": "cmmje02d"}, "timestamp": 1773074535468}
{"sessionId": "9376b5", "hypothesisId": "voices-core", "location": "voices.py:list_voices", "message": "Core list_voices result", "data": {"count": 5}, "timestamp": 1773074536887.9324}
{"sessionId": "9376b5", "hypothesisId": "listbooks-core", "location": "app_pipeline.py:list_books", "message": "Core list_books result", "data": {"count": 1, "user_id": "igor9105", "project_id": "cmmje02d"}, "timestamp": 1773074538345}
{"sessionId": "9376b5", "hypothesisId": "listbooks-core", "location": "app_pipeline.py:list_books", "message": "Core list_books entry", "data": {"user_id": "igor9105", "project_id": "cmmje02d"}, "timestamp": 1773074538724}
{"sessionId": "9376b5", "hypothesisId": "listbooks-core", "location": "app_pipeline.py:list_books", "message": "Core list_books result", "data": {"count": 1, "user_id": "igor9105", "project_id": "cmmje02d"}, "timestamp": 1773074541050}
{"sessionId": "9376b5", "hypothesisId": "voices-core", "location": "voices.py:list_voices", "message": "Core list_voices", "data": {"x_user_id": "cmmdqrpv"}, "timestamp": 1773081760900.4517}
{"sessionId": "9376b5", "hypothesisId": "voices-core", "location": "voices.py:list_voices", "message": "Core list_voices result", "data": {"count": 5}, "timestamp": 1773081760929.0515}
{"sessionId": "9376b5", "hypothesisId": "voices-core", "location": "voices.py:list_voices", "message": "Core list_voices", "data": {"x_user_id": "cmmdqrpv"}, "timestamp": 1773081760963.984}
{"sessionId": "9376b5", "hypothesisId": "listbooks-core", "location": "app_pipeline.py:list_books", "message": "Core list_books entry", "data": {"user_id": "igor9105", "project_id": "cmmje02d"}, "timestamp": 1773081760975}
{"sessionId": "9376b5", "hypothesisId": "voices-core", "location": "voices.py:list_voices", "message": "Core list_voices result", "data": {"count": 5}, "timestamp": 1773081760989.5098}
{"sessionId": "9376b5", "hypothesisId": "listbooks-core", "location": "app_pipeline.py:list_books", "message": "Core list_books result", "data": {"count": 1, "user_id": "igor9105", "project_id": "cmmje02d"}, "timestamp": 1773081761044}
{"sessionId": "9376b5", "hypothesisId": "listbooks-core", "location": "app_pipeline.py:list_books", "message": "Core list_books entry", "data": {"user_id": "igor9105", "project_id": "cmmje02d"}, "timestamp": 1773081761064}
{"sessionId": "9376b5", "hypothesisId": "listbooks-core", "location": "app_pipeline.py:list_books", "message": "Core list_books result", "data": {"count": 1, "user_id": "igor9105", "project_id": "cmmje02d"}, "timestamp": 1773081761131}
{"sessionId": "9376b5", "hypothesisId": "voices-core", "location": "voices.py:list_voices", "message": "Core list_voices", "data": {"x_user_id": "cmmdqrpv"}, "timestamp": 1773082224842.0122}
{"sessionId": "9376b5", "hypothesisId": "voices-core", "location": "voices.py:list_voices", "message": "Core list_voices result", "data": {"count": 5}, "timestamp": 1773082225149.0496}
{"sessionId": "9376b5", "hypothesisId": "listbooks-core", "location": "app_pipeline.py:list_books", "message": "Core list_books entry", "data": {"user_id": "igor9105", "project_id": "cmmje02d"}, "timestamp": 1773082225267}
{"sessionId": "9376b5", "hypothesisId": "voices-core", "location": "voices.py:list_voices", "message": "Core list_voices", "data": {"x_user_id": "cmmdqrpv"}, "timestamp": 1773082225260.8215}
{"sessionId": "9376b5", "hypothesisId": "voices-core", "location": "voices.py:list_voices", "message": "Core list_voices result", "data": {"count": 5}, "timestamp": 1773082225578.131}
{"sessionId": "9376b5", "hypothesisId": "listbooks-core", "location": "app_pipeline.py:list_books", "message": "Core list_books result", "data": {"count": 1, "user_id": "igor9105", "project_id": "cmmje02d"}, "timestamp": 1773082225929}
{"sessionId": "9376b5", "hypothesisId": "listbooks-core", "location": "app_pipeline.py:list_books", "message": "Core list_books entry", "data": {"user_id": "igor9105", "project_id": "cmmje02d"}, "timestamp": 1773082226000}
{"sessionId": "9376b5", "hypothesisId": "listbooks-core", "location": "app_pipeline.py:list_books", "message": "Core list_books result", "data": {"count": 1, "user_id": "igor9105", "project_id": "cmmje02d"}, "timestamp": 1773082226698}
{"sessionId": "9376b5", "hypothesisId": "voices-core", "location": "voices.py:list_voices", "message": "Core list_voices", "data": {"x_user_id": "cmmdqrpv"}, "timestamp": 1773082274778.8237}
{"sessionId": "9376b5", "hypothesisId": "voices-core", "location": "voices.py:list_voices", "message": "Core list_voices", "data": {"x_user_id": "cmmdqrpv"}, "timestamp": 1773082274802.0713}
{"sessionId": "9376b5", "hypothesisId": "voices-core", "location": "voices.py:list_voices", "message": "Core list_voices result", "data": {"count": 5}, "timestamp": 1773082275329.673}
{"sessionId": "9376b5", "hypothesisId": "voices-core", "location": "voices.py:list_voices", "message": "Core list_voices result", "data": {"count": 5}, "timestamp": 1773082275380.567}
{"sessionId": "9376b5", "hypothesisId": "listbooks-core", "location": "app_pipeline.py:list_books", "message": "Core list_books entry", "data": {"user_id": "igor9105", "project_id": "cmmje02d"}, "timestamp": 1773082275484}
{"sessionId": "9376b5", "hypothesisId": "listbooks-core", "location": "app_pipeline.py:list_books", "message": "Core list_books result", "data": {"count": 1, "user_id": "igor9105", "project_id": "cmmje02d"}, "timestamp": 1773082276784}
{"sessionId": "9376b5", "hypothesisId": "listbooks-core", "location": "app_pipeline.py:list_books", "message": "Core list_books entry", "data": {"user_id": "igor9105", "project_id": "cmmje02d"}, "timestamp": 1773082276934}
{"sessionId": "9376b5", "hypothesisId": "listbooks-core", "location": "app_pipeline.py:list_books", "message": "Core list_books result", "data": {"count": 1, "user_id": "igor9105", "project_id": "cmmje02d"}, "timestamp": 1773082278139}
{"sessionId": "9376b5", "hypothesisId": "voices-core", "location": "voices.py:list_voices", "message": "Core list_voices", "data": {"x_user_id": "cmmdqrpv"}, "timestamp": 1773082284745.5198}
{"sessionId": "9376b5", "hypothesisId": "voices-core", "location": "voices.py:list_voices", "message": "Core list_voices result", "data": {"count": 5}, "timestamp": 1773082285318.3987}
{"sessionId": "9376b5", "hypothesisId": "voices-core", "location": "voices.py:list_voices", "message": "Core list_voices", "data": {"x_user_id": "cmmdqrpv"}, "timestamp": 1773082285509.8625}
{"sessionId": "9376b5", "hypothesisId": "listbooks-core", "location": "app_pipeline.py:list_books", "message": "Core list_books entry", "data": {"user_id": "igor9105", "project_id": "cmmje02d"}, "timestamp": 1773082285521}
{"sessionId": "9376b5", "hypothesisId": "voices-core", "location": "voices.py:list_voices", "message": "Core list_voices result", "data": {"count": 5}, "timestamp": 1773082286138.9019}
{"sessionId": "9376b5", "hypothesisId": "listbooks-core", "location": "app_pipeline.py:list_books", "message": "Core list_books result", "data": {"count": 1, "user_id": "igor9105", "project_id": "cmmje02d"}, "timestamp": 1773082286772}
{"sessionId": "9376b5", "hypothesisId": "listbooks-core", "location": "app_pipeline.py:list_books", "message": "Core list_books entry", "data": {"user_id": "igor9105", "project_id": "cmmje02d"}, "timestamp": 1773082286935}
{"sessionId": "9376b5", "hypothesisId": "listbooks-core", "location": "app_pipeline.py:list_books", "message": "Core list_books result", "data": {"count": 1, "user_id": "igor9105", "project_id": "cmmje02d"}, "timestamp": 1773082288166}
{"sessionId": "9376b5", "hypothesisId": "voices-core", "location": "voices.py:list_voices", "message": "Core list_voices", "data": {"x_user_id": "cmmdqrpv"}, "timestamp": 1773083127387.9177}
{"sessionId": "9376b5", "hypothesisId": "voices-core", "location": "voices.py:list_voices", "message": "Core list_voices result", "data": {"count": 5}, "timestamp": 1773083127696.5881}
{"sessionId": "9376b5", "hypothesisId": "voices-core", "location": "voices.py:list_voices", "message": "Core list_voices", "data": {"x_user_id": "cmmdqrpv"}, "timestamp": 1773083127822.768}
{"sessionId": "9376b5", "hypothesisId": "listbooks-core", "location": "app_pipeline.py:list_books", "message": "Core list_books entry", "data": {"user_id": "igor9105", "project_id": "cmmje02d"}, "timestamp": 1773083127934}
{"sessionId": "9376b5", "hypothesisId": "voices-core", "location": "voices.py:list_voices", "message": "Core list_voices result", "data": {"count": 5}, "timestamp": 1773083128150.7776}
{"sessionId": "9376b5", "hypothesisId": "listbooks-core", "location": "app_pipeline.py:list_books", "message": "Core list_books result", "data": {"count": 1, "user_id": "igor9105", "project_id": "cmmje02d"}, "timestamp": 1773083128642}
{"sessionId": "9376b5", "hypothesisId": "listbooks-core", "location": "app_pipeline.py:list_books", "message": "Core list_books entry", "data": {"user_id": "igor9105", "project_id": "cmmje02d"}, "timestamp": 1773083128757}
{"sessionId": "9376b5", "hypothesisId": "listbooks-core", "location": "app_pipeline.py:list_books", "message": "Core list_books result", "data": {"count": 1, "user_id": "igor9105", "project_id": "cmmje02d"}, "timestamp": 1773083129497}
{"sessionId": "9376b5", "hypothesisId": "voices-core", "location": "voices.py:list_voices", "message": "Core list_voices", "data": {"x_user_id": "cmmdqrpv"}, "timestamp": 1773083401472.5566}
{"sessionId": "9376b5", "hypothesisId": "voices-core", "location": "voices.py:list_voices", "message": "Core list_voices result", "data": {"count": 5}, "timestamp": 1773083401491.0405}
{"sessionId": "9376b5", "hypothesisId": "voices-core", "location": "voices.py:list_voices", "message": "Core list_voices", "data": {"x_user_id": "cmmdqrpv"}, "timestamp": 1773083401778.9868}
{"sessionId": "9376b5", "hypothesisId": "voices-core", "location": "voices.py:list_voices", "message": "Core list_voices result", "data": {"count": 5}, "timestamp": 1773083401805.5076}
{"sessionId": "9376b5", "hypothesisId": "voices-core", "location": "voices.py:list_voices", "message": "Core list_voices", "data": {"x_user_id": "cmmdqrpv"}, "timestamp": 1773083401851.6924}
{"sessionId": "9376b5", "hypothesisId": "listbooks-core", "location": "app_pipeline.py:list_books", "message": "Core list_books entry", "data": {"user_id": "igor9105", "project_id": "cmmjk2sk"}, "timestamp": 1773083401851}
{"sessionId": "9376b5", "hypothesisId": "voices-core", "location": "voices.py:list_voices", "message": "Core list_voices result", "data": {"count": 5}, "timestamp": 1773083401871.8816}
{"sessionId": "9376b5", "hypothesisId": "listbooks-core", "location": "app_pipeline.py:list_books", "message": "Core list_books result", "data": {"count": 0, "user_id": "igor9105", "project_id": "cmmjk2sk"}, "timestamp": 1773083401904}
{"sessionId": "9376b5", "hypothesisId": "listbooks-core", "location": "app_pipeline.py:list_books", "message": "Core list_books entry", "data": {"user_id": "igor9105", "project_id": "cmmjk2sk"}, "timestamp": 1773083401923}
{"sessionId": "9376b5", "hypothesisId": "listbooks-core", "location": "app_pipeline.py:list_books", "message": "Core list_books result", "data": {"count": 0, "user_id": "igor9105", "project_id": "cmmjk2sk"}, "timestamp": 1773083401981}
{"sessionId": "9376b5", "hypothesisId": "upload-core", "location": "books.py:upload_book", "message": "Core upload_book entry", "data": {"user_id": "igor9105", "project_id": "cmmjk2sk"}, "timestamp": 1773083410912}
{"sessionId": "9376b5", "hypothesisId": "upload-core", "location": "books.py:upload_book", "message": "Core upload_book success", "data": {"book_id": "17084564", "project_id": "cmmjk2sk"}, "timestamp": 1773083410970}
{"sessionId": "9376b5", "hypothesisId": "voices-core", "location": "voices.py:list_voices", "message": "Core list_voices", "data": {"x_user_id": "cmmdqrpv"}, "timestamp": 1773083411021.563}
{"sessionId": "9376b5", "hypothesisId": "voices-core", "location": "voices.py:list_voices", "message": "Core list_voices result", "data": {"count": 5}, "timestamp": 1773083411039.6753}
{"sessionId": "9376b5", "hypothesisId": "listbooks-core", "location": "app_pipeline.py:list_books", "message": "Core list_books entry", "data": {"user_id": "igor9105", "project_id": "cmmjk2sk"}, "timestamp": 1773083411080}
{"sessionId": "9376b5", "hypothesisId": "listbooks-core", "location": "app_pipeline.py:list_books", "message": "Core list_books result", "data": {"count": 1, "user_id": "igor9105", "project_id": "cmmjk2sk"}, "timestamp": 1773083411146}
{"sessionId": "9376b5", "hypothesisId": "voices-core", "location": "voices.py:list_voices", "message": "Core list_voices", "data": {"x_user_id": "cmmdqrpv"}, "timestamp": 1773083947521.6833}
{"sessionId": "9376b5", "hypothesisId": "voices-core", "location": "voices.py:list_voices", "message": "Core list_voices result", "data": {"count": 5}, "timestamp": 1773083947540.501}
{"sessionId": "9376b5", "hypothesisId": "voices-core", "location": "voices.py:list_voices", "message": "Core list_voices", "data": {"x_user_id": "cmmdqrpv"}, "timestamp": 1773083947678.03}
{"sessionId": "9376b5", "hypothesisId": "listbooks-core", "location": "app_pipeline.py:list_books", "message": "Core list_books entry", "data": {"user_id": "igor9105", "project_id": "cmmjk2sk"}, "timestamp": 1773083947690}
{"sessionId": "9376b5", "hypothesisId": "voices-core", "location": "voices.py:list_voices", "message": "Core list_voices result", "data": {"count": 5}, "timestamp": 1773083947699.8923}
{"sessionId": "9376b5", "hypothesisId": "listbooks-core", "location": "app_pipeline.py:list_books", "message": "Core list_books result", "data": {"count": 1, "user_id": "igor9105", "project_id": "cmmjk2sk"}, "timestamp": 1773083947751}
{"sessionId": "9376b5", "hypothesisId": "listbooks-core", "location": "app_pipeline.py:list_books", "message": "Core list_books entry", "data": {"user_id": "igor9105", "project_id": "cmmjk2sk"}, "timestamp": 1773083947768}
{"sessionId": "9376b5", "hypothesisId": "listbooks-core", "location": "app_pipeline.py:list_books", "message": "Core list_books result", "data": {"count": 1, "user_id": "igor9105", "project_id": "cmmjk2sk"}, "timestamp": 1773083947839}
{"sessionId": "9376b5", "hypothesisId": "voices-core", "location": "voices.py:list_voices", "message": "Core list_voices", "data": {"x_user_id": "cmmdqrpv"}, "timestamp": 1773084253764.0728}
{"sessionId": "9376b5", "hypothesisId": "voices-core", "location": "voices.py:list_voices", "message": "Core list_voices result", "data": {"count": 5}, "timestamp": 1773084254060.9333}
{"sessionId": "9376b5", "hypothesisId": "voices-core", "location": "voices.py:list_voices", "message": "Core list_voices", "data": {"x_user_id": "cmmdqrpv"}, "timestamp": 1773084254177.3774}
{"sessionId": "9376b5", "hypothesisId": "listbooks-core", "location": "app_pipeline.py:list_books", "message": "Core list_books entry", "data": {"user_id": "igor9105", "project_id": "cmmjk2sk"}, "timestamp": 1773084254212}
{"sessionId": "9376b5", "hypothesisId": "voices-core", "location": "voices.py:list_voices", "message": "Core list_voices result", "data": {"count": 5}, "timestamp": 1773084254490.9233}
{"sessionId": "9376b5", "hypothesisId": "listbooks-core", "location": "app_pipeline.py:list_books", "message": "Core list_books result", "data": {"count": 1, "user_id": "igor9105", "project_id": "cmmjk2sk"}, "timestamp": 1773084255062}
{"sessionId": "9376b5", "hypothesisId": "listbooks-core", "location": "app_pipeline.py:list_books", "message": "Core list_books entry", "data": {"user_id": "igor9105", "project_id": "cmmjk2sk"}, "timestamp": 1773084255158}
{"sessionId": "9376b5", "hypothesisId": "listbooks-core", "location": "app_pipeline.py:list_books", "message": "Core list_books result", "data": {"count": 1, "user_id": "igor9105", "project_id": "cmmjk2sk"}, "timestamp": 1773084255977}
{"sessionId": "9376b5", "hypothesisId": "voices-core", "location": "voices.py:list_voices", "message": "Core list_voices", "data": {"x_user_id": "cmmdqrpv"}, "timestamp": 1773084531255.2305}
{"sessionId": "9376b5", "hypothesisId": "voices-core", "location": "voices.py:list_voices", "message": "Core list_voices result", "data": {"count": 5}, "timestamp": 1773084531840.6125}
{"sessionId": "9376b5", "hypothesisId": "voices-core", "location": "voices.py:list_voices", "message": "Core list_voices", "data": {"x_user_id": "cmmdqrpv"}, "timestamp": 1773084531978.5454}
{"sessionId": "9376b5", "hypothesisId": "voices-core", "location": "voices.py:list_voices", "message": "Core list_voices result", "data": {"count": 5}, "timestamp": 1773084532552.017}
{"sessionId": "9376b5", "hypothesisId": "listbooks-core", "location": "app_pipeline.py:list_books", "message": "Core list_books entry", "data": {"user_id": "igor9105", "project_id": "cmmjk2sk"}, "timestamp": 1773084533026}
{"sessionId": "9376b5", "hypothesisId": "listbooks-core", "location": "app_pipeline.py:list_books", "message": "Core list_books result", "data": {"count": 1, "user_id": "igor9105", "project_id": "cmmjk2sk"}, "timestamp": 1773084534458}
{"sessionId": "9376b5", "hypothesisId": "listbooks-core", "location": "app_pipeline.py:list_books", "message": "Core list_books entry", "data": {"user_id": "igor9105", "project_id": "cmmjk2sk"}, "timestamp": 1773084534676}
{"sessionId": "9376b5", "hypothesisId": "listbooks-core", "location": "app_pipeline.py:list_books", "message": "Core list_books result", "data": {"count": 1, "user_id": "igor9105", "project_id": "cmmjk2sk"}, "timestamp": 1773084536132}
{"sessionId": "9376b5", "hypothesisId": "voices-core", "location": "voices.py:list_voices", "message": "Core list_voices", "data": {"x_user_id": "cmmdqrpv"}, "timestamp": 1773085099827.0127}
{"sessionId": "9376b5", "hypothesisId": "voices-core", "location": "voices.py:list_voices", "message": "Core list_voices result", "data": {"count": 5}, "timestamp": 1773085099851.5964}
{"sessionId": "9376b5", "hypothesisId": "voices-core", "location": "voices.py:list_voices", "message": "Core list_voices", "data": {"x_user_id": "cmmdqrpv"}, "timestamp": 1773085099872.819}
{"sessionId": "9376b5", "hypothesisId": "voices-core", "location": "voices.py:list_voices", "message": "Core list_voices result", "data": {"count": 5}, "timestamp": 1773085099895.9377}
{"sessionId": "9376b5", "hypothesisId": "listbooks-core", "location": "app_pipeline.py:list_books", "message": "Core list_books entry", "data": {"user_id": "igor9105", "project_id": "cmmjk2sk"}, "timestamp": 1773085099971}
{"sessionId": "9376b5", "hypothesisId": "listbooks-core", "location": "app_pipeline.py:list_books", "message": "Core list_books result", "data": {"count": 1, "user_id": "igor9105", "project_id": "cmmjk2sk"}, "timestamp": 1773085100049}
{"sessionId": "9376b5", "hypothesisId": "listbooks-core", "location": "app_pipeline.py:list_books", "message": "Core list_books entry", "data": {"user_id": "igor9105", "project_id": "cmmjk2sk"}, "timestamp": 1773085100154}
{"sessionId": "9376b5", "hypothesisId": "listbooks-core", "location": "app_pipeline.py:list_books", "message": "Core list_books result", "data": {"count": 1, "user_id": "igor9105", "project_id": "cmmjk2sk"}, "timestamp": 1773085100240}
{"sessionId": "9376b5", "hypothesisId": "voices-core", "location": "voices.py:list_voices", "message": "Core list_voices", "data": {"x_user_id": "cmmdqrpv"}, "timestamp": 1773086342055.4668}
{"sessionId": "9376b5", "hypothesisId": "voices-core", "location": "voices.py:list_voices", "message": "Core list_voices result", "data": {"count": 5}, "timestamp": 1773086342076.6304}
{"sessionId": "9376b5", "hypothesisId": "voices-core", "location": "voices.py:list_voices", "message": "Core list_voices", "data": {"x_user_id": "cmmdqrpv"}, "timestamp": 1773086342098.319}
{"sessionId": "9376b5", "hypothesisId": "voices-core", "location": "voices.py:list_voices", "message": "Core list_voices result", "data": {"count": 5}, "timestamp": 1773086342120.41}
{"sessionId": "9376b5", "hypothesisId": "listbooks-core", "location": "app_pipeline.py:list_books", "message": "Core list_books entry", "data": {"user_id": "igor9105", "project_id": "cmmjk2sk"}, "timestamp": 1773086342174}
{"sessionId": "9376b5", "hypothesisId": "listbooks-core", "location": "app_pipeline.py:list_books", "message": "Core list_books result", "data": {"count": 1, "user_id": "igor9105", "project_id": "cmmjk2sk"}, "timestamp": 1773086342231}
{"sessionId": "9376b5", "hypothesisId": "listbooks-core", "location": "app_pipeline.py:list_books", "message": "Core list_books entry", "data": {"user_id": "igor9105", "project_id": "cmmjk2sk"}, "timestamp": 1773086342322}
{"sessionId": "9376b5", "hypothesisId": "listbooks-core", "location": "app_pipeline.py:list_books", "message": "Core list_books result", "data": {"count": 1, "user_id": "igor9105", "project_id": "cmmjk2sk"}, "timestamp": 1773086342396}
{"sessionId": "9376b5", "hypothesisId": "voices-core", "location": "voices.py:list_voices", "message": "Core list_voices", "data": {"x_user_id": "cmmdqrpv"}, "timestamp": 1773135873546.751}
{"sessionId": "9376b5", "hypothesisId": "voices-core", "location": "voices.py:list_voices", "message": "Core list_voices result", "data": {"count": 5}, "timestamp": 1773135873572.5566}
{"sessionId": "9376b5", "hypothesisId": "voices-core", "location": "voices.py:list_voices", "message": "Core list_voices", "data": {"x_user_id": "cmmdqrpv"}, "timestamp": 1773135873606.3684}
{"sessionId": "9376b5", "hypothesisId": "voices-core", "location": "voices.py:list_voices", "message": "Core list_voices result", "data": {"count": 5}, "timestamp": 1773135873636.0615}
{"sessionId": "9376b5", "hypothesisId": "listbooks-core", "location": "app_pipeline.py:list_books", "message": "Core list_books entry", "data": {"user_id": "igor9105", "project_id": "cmmjk2sk"}, "timestamp": 1773135874444}
{"sessionId": "9376b5", "hypothesisId": "listbooks-core", "location": "app_pipeline.py:list_books", "message": "Core list_books result", "data": {"count": 1, "user_id": "igor9105", "project_id": "cmmjk2sk"}, "timestamp": 1773135874505}
{"sessionId": "9376b5", "hypothesisId": "listbooks-core", "location": "app_pipeline.py:list_books", "message": "Core list_books entry", "data": {"user_id": "igor9105", "project_id": "cmmjk2sk"}, "timestamp": 1773135874612}
{"sessionId": "9376b5", "hypothesisId": "listbooks-core", "location": "app_pipeline.py:list_books", "message": "Core list_books result", "data": {"count": 1, "user_id": "igor9105", "project_id": "cmmjk2sk"}, "timestamp": 1773135874698}
{"sessionId": "9376b5", "hypothesisId": "voices-core", "location": "voices.py:list_voices", "message": "Core list_voices", "data": {"x_user_id": "cmmdqrpv"}, "timestamp": 1773137480447.3613}
{"sessionId": "9376b5", "hypothesisId": "voices-core", "location": "voices.py:list_voices", "message": "Core list_voices result", "data": {"count": 5}, "timestamp": 1773137480741.0715}
{"sessionId": "9376b5", "hypothesisId": "voices-core", "location": "voices.py:list_voices", "message": "Core list_voices", "data": {"x_user_id": "cmmdqrpv"}, "timestamp": 1773137480862.509}
{"sessionId": "9376b5", "hypothesisId": "listbooks-core", "location": "app_pipeline.py:list_books", "message": "Core list_books entry", "data": {"user_id": "igor9105", "project_id": "cmmjk2sk"}, "timestamp": 1773137480914}
{"sessionId": "9376b5", "hypothesisId": "voices-core", "location": "voices.py:list_voices", "message": "Core list_voices result", "data": {"count": 5}, "timestamp": 1773137481171.7761}
{"sessionId": "9376b5", "hypothesisId": "listbooks-core", "location": "app_pipeline.py:list_books", "message": "Core list_books result", "data": {"count": 1, "user_id": "igor9105", "project_id": "cmmjk2sk"}, "timestamp": 1773137481691}
{"sessionId": "9376b5", "hypothesisId": "listbooks-core", "location": "app_pipeline.py:list_books", "message": "Core list_books entry", "data": {"user_id": "igor9105", "project_id": "cmmjk2sk"}, "timestamp": 1773137481825}
{"sessionId": "9376b5", "hypothesisId": "listbooks-core", "location": "app_pipeline.py:list_books", "message": "Core list_books result", "data": {"count": 1, "user_id": "igor9105", "project_id": "cmmjk2sk"}, "timestamp": 1773137482635}
{"sessionId": "9376b5", "hypothesisId": "voices-core", "location": "voices.py:list_voices", "message": "Core list_voices", "data": {"x_user_id": "cmmdqrpv"}, "timestamp": 1773140203476.0647}
{"sessionId": "9376b5", "hypothesisId": "voices-core", "location": "voices.py:list_voices", "message": "Core list_voices result", "data": {"count": 5}, "timestamp": 1773140203505.7856}
{"sessionId": "9376b5", "hypothesisId": "voices-core", "location": "voices.py:list_voices", "message": "Core list_voices", "data": {"x_user_id": "cmmdqrpv"}, "timestamp": 1773140203539.1487}
{"sessionId": "9376b5", "hypothesisId": "voices-core", "location": "voices.py:list_voices", "message": "Core list_voices result", "data": {"count": 5}, "timestamp": 1773140203566.912}
{"sessionId": "9376b5", "hypothesisId": "listbooks-core", "location": "app_pipeline.py:list_books", "message": "Core list_books entry", "data": {"user_id": "igor9105", "project_id": "cmmjk2sk"}, "timestamp": 1773140204569}
{"sessionId": "9376b5", "hypothesisId": "listbooks-core", "location": "app_pipeline.py:list_books", "message": "Core list_books result", "data": {"count": 1, "user_id": "igor9105", "project_id": "cmmjk2sk"}, "timestamp": 1773140204612}
{"sessionId": "9376b5", "hypothesisId": "listbooks-core", "location": "app_pipeline.py:list_books", "message": "Core list_books entry", "data": {"user_id": "igor9105", "project_id": "cmmjk2sk"}, "timestamp": 1773140204709}
{"sessionId": "9376b5", "hypothesisId": "listbooks-core", "location": "app_pipeline.py:list_books", "message": "Core list_books result", "data": {"count": 1, "user_id": "igor9105", "project_id": "cmmjk2sk"}, "timestamp": 1773140204787}
{"sessionId": "9376b5", "hypothesisId": "voices-core", "location": "voices.py:list_voices", "message": "Core list_voices", "data": {"x_user_id": "cmmdqrpv"}, "timestamp": 1773140737942.768}
{"sessionId": "9376b5", "hypothesisId": "voices-core", "location": "voices.py:list_voices", "message": "Core list_voices result", "data": {"count": 5}, "timestamp": 1773140737964.066}
{"sessionId": "9376b5", "hypothesisId": "voices-core", "location": "voices.py:list_voices", "message": "Core list_voices", "data": {"x_user_id": "cmmdqrpv"}, "timestamp": 1773140738105.983}
{"sessionId": "9376b5", "hypothesisId": "voices-core", "location": "voices.py:list_voices", "message": "Core list_voices result", "data": {"count": 5}, "timestamp": 1773140738134.1335}
{"sessionId": "9376b5", "hypothesisId": "listbooks-core", "location": "app_pipeline.py:list_books", "message": "Core list_books entry", "data": {"user_id": "igor9105", "project_id": "cmmjk2sk"}, "timestamp": 1773140739428}
{"sessionId": "9376b5", "hypothesisId": "listbooks-core", "location": "app_pipeline.py:list_books", "message": "Core list_books result", "data": {"count": 1, "user_id": "igor9105", "project_id": "cmmjk2sk"}, "timestamp": 1773140739472}
{"sessionId": "9376b5", "hypothesisId": "listbooks-core", "location": "app_pipeline.py:list_books", "message": "Core list_books entry", "data": {"user_id": "igor9105", "project_id": "cmmjk2sk"}, "timestamp": 1773140739557}
{"sessionId": "9376b5", "hypothesisId": "listbooks-core", "location": "app_pipeline.py:list_books", "message": "Core list_books result", "data": {"count": 1, "user_id": "igor9105", "project_id": "cmmjk2sk"}, "timestamp": 1773140739626}
{"sessionId": "9376b5", "hypothesisId": "voices-core", "location": "voices.py:list_voices", "message": "Core list_voices", "data": {"x_user_id": "cmmdqrpv"}, "timestamp": 1773140886101.944}
{"sessionId": "9376b5", "hypothesisId": "voices-core", "location": "voices.py:list_voices", "message": "Core list_voices result", "data": {"count": 5}, "timestamp": 1773140886121.8875}
{"sessionId": "9376b5", "hypothesisId": "voices-core", "location": "voices.py:list_voices", "message": "Core list_voices", "data": {"x_user_id": "cmmdqrpv"}, "timestamp": 1773140886141.4558}
{"sessionId": "9376b5", "hypothesisId": "voices-core", "location": "voices.py:list_voices", "message": "Core list_voices result", "data": {"count": 5}, "timestamp": 1773140886161.8057}
{"sessionId": "9376b5", "hypothesisId": "listbooks-core", "location": "app_pipeline.py:list_books", "message": "Core list_books entry", "data": {"user_id": "igor9105", "project_id": "cmmjk2sk"}, "timestamp": 1773140886213}
{"sessionId": "9376b5", "hypothesisId": "listbooks-core", "location": "app_pipeline.py:list_books", "message": "Core list_books result", "data": {"count": 1, "user_id": "igor9105", "project_id": "cmmjk2sk"}, "timestamp": 1773140886280}
{"sessionId": "9376b5", "hypothesisId": "listbooks-core", "location": "app_pipeline.py:list_books", "message": "Core list_books entry", "data": {"user_id": "igor9105", "project_id": "cmmjk2sk"}, "timestamp": 1773140886359}
{"sessionId": "9376b5", "hypothesisId": "listbooks-core", "location": "app_pipeline.py:list_books", "message": "Core list_books result", "data": {"count": 1, "user_id": "igor9105", "project_id": "cmmjk2sk"}, "timestamp": 1773140886417}
{"sessionId": "9376b5", "hypothesisId": "voices-core", "location": "voices.py:list_voices", "message": "Core list_voices", "data": {"x_user_id": "cmmdqrpv"}, "timestamp": 1773140893206.8533}
{"sessionId": "9376b5", "hypothesisId": "voices-core", "location": "voices.py:list_voices", "message": "Core list_voices result", "data": {"count": 5}, "timestamp": 1773140895061.8657}
{"sessionId": "9376b5", "hypothesisId": "listbooks-core", "location": "app_pipeline.py:list_books", "message": "Core list_books entry", "data": {"user_id": "igor9105", "project_id": "cmmjk2sk"}, "timestamp": 1773140896394}
{"sessionId": "9376b5", "hypothesisId": "listbooks-core", "location": "app_pipeline.py:list_books", "message": "Core list_books result", "data": {"count": 1, "user_id": "igor9105", "project_id": "cmmjk2sk"}, "timestamp": 1773140896466}
{"sessionId": "9376b5", "hypothesisId": "voices-core", "location": "voices.py:list_voices", "message": "Core list_voices", "data": {"x_user_id": "cmmdqrpv"}, "timestamp": 1773141235153.773}
{"sessionId": "9376b5", "hypothesisId": "voices-core", "location": "voices.py:list_voices", "message": "Core list_voices result", "data": {"count": 5}, "timestamp": 1773141235180.5295}
{"sessionId": "9376b5", "hypothesisId": "voices-core", "location": "voices.py:list_voices", "message": "Core list_voices", "data": {"x_user_id": "cmmdqrpv"}, "timestamp": 1773141235204.1062}
{"sessionId": "9376b5", "hypothesisId": "voices-core", "location": "voices.py:list_voices", "message": "Core list_voices result", "data": {"count": 5}, "timestamp": 1773141235229.2227}
{"sessionId": "9376b5", "hypothesisId": "listbooks-core", "location": "app_pipeline.py:list_books", "message": "Core list_books entry", "data": {"user_id": "igor9105", "project_id": "cmmjk2sk"}, "timestamp": 1773141235289}
{"sessionId": "9376b5", "hypothesisId": "listbooks-core", "location": "app_pipeline.py:list_books", "message": "Core list_books result", "data": {"count": 1, "user_id": "igor9105", "project_id": "cmmjk2sk"}, "timestamp": 1773141235367}
{"sessionId": "9376b5", "hypothesisId": "listbooks-core", "location": "app_pipeline.py:list_books", "message": "Core list_books entry", "data": {"user_id": "igor9105", "project_id": "cmmjk2sk"}, "timestamp": 1773141235493}
{"sessionId": "9376b5", "hypothesisId": "listbooks-core", "location": "app_pipeline.py:list_books", "message": "Core list_books result", "data": {"count": 1, "user_id": "igor9105", "project_id": "cmmjk2sk"}, "timestamp": 1773141235531}
{"sessionId": "9376b5", "hypothesisId": "voices-core", "location": "voices.py:list_voices", "message": "Core list_voices", "data": {"x_user_id": "cmmdqrpv"}, "timestamp": 1773141337817.212}
{"sessionId": "9376b5", "hypothesisId": "voices-core", "location": "voices.py:list_voices", "message": "Core list_voices result", "data": {"count": 5}, "timestamp": 1773141337841.8171}
{"sessionId": "9376b5", "hypothesisId": "voices-core", "location": "voices.py:list_voices", "message": "Core list_voices", "data": {"x_user_id": "cmmdqrpv"}, "timestamp": 1773141337970.2441}
{"sessionId": "9376b5", "hypothesisId": "voices-core", "location": "voices.py:list_voices", "message": "Core list_voices result", "data": {"count": 5}, "timestamp": 1773141337992.301}
{"sessionId": "9376b5", "hypothesisId": "listbooks-core", "location": "app_pipeline.py:list_books", "message": "Core list_books entry", "data": {"user_id": "igor9105", "project_id": "cmmjk2sk"}, "timestamp": 1773141339352}
{"sessionId": "9376b5", "hypothesisId": "listbooks-core", "location": "app_pipeline.py:list_books", "message": "Core list_books result", "data": {"count": 1, "user_id": "igor9105", "project_id": "cmmjk2sk"}, "timestamp": 1773141339384}
{"sessionId": "9376b5", "hypothesisId": "listbooks-core", "location": "app_pipeline.py:list_books", "message": "Core list_books entry", "data": {"user_id": "igor9105", "project_id": "cmmjk2sk"}, "timestamp": 1773141339466}
{"sessionId": "9376b5", "hypothesisId": "listbooks-core", "location": "app_pipeline.py:list_books", "message": "Core list_books result", "data": {"count": 1, "user_id": "igor9105", "project_id": "cmmjk2sk"}, "timestamp": 1773141339508}
{"sessionId": "9376b5", "hypothesisId": "voices-core", "location": "voices.py:list_voices", "message": "Core list_voices", "data": {"x_user_id": "cmmdqrpv"}, "timestamp": 1773141385200.0679}
{"sessionId": "9376b5", "hypothesisId": "voices-core", "location": "voices.py:list_voices", "message": "Core list_voices result", "data": {"count": 5}, "timestamp": 1773141385217.0325}
{"sessionId": "9376b5", "hypothesisId": "voices-core", "location": "voices.py:list_voices", "message": "Core list_voices", "data": {"x_user_id": "cmmdqrpv"}, "timestamp": 1773141385470.427}
{"sessionId": "9376b5", "hypothesisId": "voices-core", "location": "voices.py:list_voices", "message": "Core list_voices result", "data": {"count": 5}, "timestamp": 1773141385496.2754}
{"sessionId": "9376b5", "hypothesisId": "voices-core", "location": "voices.py:list_voices", "message": "Core list_voices", "data": {"x_user_id": "cmmdqrpv"}, "timestamp": 1773141385521.4111}
{"sessionId": "9376b5", "hypothesisId": "voices-core", "location": "voices.py:list_voices", "message": "Core list_voices result", "data": {"count": 5}, "timestamp": 1773141385540.7432}
{"sessionId": "9376b5", "hypothesisId": "listbooks-core", "location": "app_pipeline.py:list_books", "message": "Core list_books entry", "data": {"user_id": "igor9105", "project_id": "cmmkill3"}, "timestamp": 1773141385595}
{"sessionId": "9376b5", "hypothesisId": "listbooks-core", "location": "app_pipeline.py:list_books", "message": "Core list_books result", "data": {"count": 0, "user_id": "igor9105", "project_id": "cmmkill3"}, "timestamp": 1773141385644}
{"sessionId": "9376b5", "hypothesisId": "listbooks-core", "location": "app_pipeline.py:list_books", "message": "Core list_books entry", "data": {"user_id": "igor9105", "project_id": "cmmkill3"}, "timestamp": 1773141385746}
{"sessionId": "9376b5", "hypothesisId": "listbooks-core", "location": "app_pipeline.py:list_books", "message": "Core list_books result", "data": {"count": 0, "user_id": "igor9105", "project_id": "cmmkill3"}, "timestamp": 1773141385805}
{"sessionId": "9376b5", "hypothesisId": "upload-core", "location": "books.py:upload_book", "message": "Core upload_book entry", "data": {"user_id": "igor9105", "project_id": "cmmkill3"}, "timestamp": 1773141409689}
{"sessionId": "9376b5", "hypothesisId": "upload-core", "location": "books.py:upload_book", "message": "Core upload_book success", "data": {"book_id": "eb639638", "project_id": "cmmkill3"}, "timestamp": 1773141409758}
{"sessionId": "9376b5", "hypothesisId": "voices-core", "location": "voices.py:list_voices", "message": "Core list_voices", "data": {"x_user_id": "cmmdqrpv"}, "timestamp": 1773141409805.8127}
{"sessionId": "9376b5", "hypothesisId": "voices-core", "location": "voices.py:list_voices", "message": "Core list_voices result", "data": {"count": 5}, "timestamp": 1773141409823.5527}
{"sessionId": "9376b5", "hypothesisId": "listbooks-core", "location": "app_pipeline.py:list_books", "message": "Core list_books entry", "data": {"user_id": "igor9105", "project_id": "cmmkill3"}, "timestamp": 1773141409904}
{"sessionId": "9376b5", "hypothesisId": "listbooks-core", "location": "app_pipeline.py:list_books", "message": "Core list_books result", "data": {"count": 1, "user_id": "igor9105", "project_id": "cmmkill3"}, "timestamp": 1773141409965}
{"sessionId": "9376b5", "hypothesisId": "voices-core", "location": "voices.py:list_voices", "message": "Core list_voices", "data": {"x_user_id": "cmmdqrpv"}, "timestamp": 1773141778656.8318}
{"sessionId": "9376b5", "hypothesisId": "voices-core", "location": "voices.py:list_voices", "message": "Core list_voices result", "data": {"count": 5}, "timestamp": 1773141778675.958}
{"sessionId": "9376b5", "hypothesisId": "listbooks-core", "location": "app_pipeline.py:list_books", "message": "Core list_books entry", "data": {"user_id": "igor9105", "project_id": "cmmkill3"}, "timestamp": 1773141778747}
{"sessionId": "9376b5", "hypothesisId": "listbooks-core", "location": "app_pipeline.py:list_books", "message": "Core list_books result", "data": {"count": 1, "user_id": "igor9105", "project_id": "cmmkill3"}, "timestamp": 1773141778801}
{"sessionId": "9376b5", "hypothesisId": "voices-core", "location": "voices.py:list_voices", "message": "Core list_voices", "data": {"x_user_id": "cmmdqrpv"}, "timestamp": 1773141958049.2852}
{"sessionId": "9376b5", "hypothesisId": "voices-core", "location": "voices.py:list_voices", "message": "Core list_voices result", "data": {"count": 5}, "timestamp": 1773141958074.1038}
{"sessionId": "9376b5", "hypothesisId": "listbooks-core", "location": "app_pipeline.py:list_books", "message": "Core list_books entry", "data": {"user_id": "igor9105", "project_id": "cmmkill3"}, "timestamp": 1773141958170}
{"sessionId": "9376b5", "hypothesisId": "listbooks-core", "location": "app_pipeline.py:list_books", "message": "Core list_books result", "data": {"count": 1, "user_id": "igor9105", "project_id": "cmmkill3"}, "timestamp": 1773141958237}
{"sessionId": "9376b5", "hypothesisId": "voices-core", "location": "voices.py:list_voices", "message": "Core list_voices", "data": {"x_user_id": "cmmdqrpv"}, "timestamp": 1773142300452.3506}
{"sessionId": "9376b5", "hypothesisId": "voices-core", "location": "voices.py:list_voices", "message": "Core list_voices result", "data": {"count": 5}, "timestamp": 1773142300485.6133}
{"sessionId": "9376b5", "hypothesisId": "listbooks-core", "location": "app_pipeline.py:list_books", "message": "Core list_books entry", "data": {"user_id": "anonymou", "project_id": "cmmkill3"}, "timestamp": 1773142300629}
{"sessionId": "9376b5", "hypothesisId": "listbooks-core", "location": "app_pipeline.py:list_books", "message": "Core list_books result", "data": {"count": 0, "user_id": "anonymou", "project_id": "cmmkill3"}, "timestamp": 1773142300747}
{"sessionId": "9376b5", "hypothesisId": "voices-core", "location": "voices.py:list_voices", "message": "Core list_voices", "data": {"x_user_id": "cmmdqrpv"}, "timestamp": 1773142480774.415}
{"sessionId": "9376b5", "hypothesisId": "voices-core", "location": "voices.py:list_voices", "message": "Core list_voices result", "data": {"count": 5}, "timestamp": 1773142480972.1047}
{"sessionId": "9376b5", "hypothesisId": "listbooks-core", "location": "app_pipeline.py:list_books", "message": "Core list_books entry", "data": {"user_id": "anonymou", "project_id": "cmmkill3"}, "timestamp": 1773142481067}
{"sessionId": "9376b5", "hypothesisId": "listbooks-core", "location": "app_pipeline.py:list_books", "message": "Core list_books result", "data": {"count": 0, "user_id": "anonymou", "project_id": "cmmkill3"}, "timestamp": 1773142481097}
{"sessionId": "9376b5", "hypothesisId": "voices-core", "location": "voices.py:list_voices", "message": "Core list_voices", "data": {"x_user_id": "cmmdqrpv"}, "timestamp": 1773143151379.6316}
{"sessionId": "9376b5", "hypothesisId": "voices-core", "location": "voices.py:list_voices", "message": "Core list_voices result", "data": {"count": 5}, "timestamp": 1773143151404.0015}
{"sessionId": "9376b5", "hypothesisId": "voices-core", "location": "voices.py:list_voices", "message": "Core list_voices", "data": {"x_user_id": "cmmdqrpv"}, "timestamp": 1773143151427.9084}
{"sessionId": "9376b5", "hypothesisId": "voices-core", "location": "voices.py:list_voices", "message": "Core list_voices result", "data": {"count": 5}, "timestamp": 1773143151448.482}
{"sessionId": "9376b5", "hypothesisId": "listbooks-core", "location": "app_pipeline.py:list_books", "message": "Core list_books entry", "data": {"user_id": "anonymou", "project_id": "cmmkill3"}, "timestamp": 1773143152706}
{"sessionId": "9376b5", "hypothesisId": "listbooks-core", "location": "app_pipeline.py:list_books", "message": "Core list_books result", "data": {"count": 0, "user_id": "anonymou", "project_id": "cmmkill3"}, "timestamp": 1773143152731}
{"sessionId": "9376b5", "hypothesisId": "listbooks-core", "location": "app_pipeline.py:list_books", "message": "Core list_books entry", "data": {"user_id": "anonymou", "project_id": "cmmkill3"}, "timestamp": 1773143152825}
{"sessionId": "9376b5", "hypothesisId": "listbooks-core", "location": "app_pipeline.py:list_books", "message": "Core list_books result", "data": {"count": 0, "user_id": "anonymou", "project_id": "cmmkill3"}, "timestamp": 1773143152847}
{"sessionId": "9376b5", "hypothesisId": "upload-core", "location": "books.py:upload_book", "message": "Core upload_book entry", "data": {"user_id": "anonymou", "project_id": "cmmkill3"}, "timestamp": 1773143173872}
{"sessionId": "9376b5", "hypothesisId": "upload-core", "location": "books.py:upload_book", "message": "Core upload_book success", "data": {"book_id": "0d648af4", "project_id": "cmmkill3"}, "timestamp": 1773143173933}
{"sessionId": "9376b5", "hypothesisId": "voices-core", "location": "voices.py:list_voices", "message": "Core list_voices", "data": {"x_user_id": "cmmdqrpv"}, "timestamp": 1773143173982.672}
{"sessionId": "9376b5", "hypothesisId": "voices-core", "location": "voices.py:list_voices", "message": "Core list_voices result", "data": {"count": 5}, "timestamp": 1773143174005.3613}
{"sessionId": "9376b5", "hypothesisId": "listbooks-core", "location": "app_pipeline.py:list_books", "message": "Core list_books entry", "data": {"user_id": "anonymou", "project_id": "cmmkill3"}, "timestamp": 1773143174089}
{"sessionId": "9376b5", "hypothesisId": "listbooks-core", "location": "app_pipeline.py:list_books", "message": "Core list_books result", "data": {"count": 1, "user_id": "anonymou", "project_id": "cmmkill3"}, "timestamp": 1773143174122}
{"sessionId": "9376b5", "hypothesisId": "voices-core", "location": "voices.py:list_voices", "message": "Core list_voices", "data": {"x_user_id": "cmmdqrpv"}, "timestamp": 1773144580860.498}
{"sessionId": "9376b5", "hypothesisId": "voices-core", "location": "voices.py:list_voices", "message": "Core list_voices result", "data": {"count": 5}, "timestamp": 1773144580889.2393}
{"sessionId": "9376b5", "hypothesisId": "listbooks-core", "location": "app_pipeline.py:list_books", "message": "Core list_books entry", "data": {"user_id": "anonymou", "project_id": "cmmkill3"}, "timestamp": 1773144580964}
{"sessionId": "9376b5", "hypothesisId": "listbooks-core", "location": "app_pipeline.py:list_books", "message": "Core list_books result", "data": {"count": 1, "user_id": "anonymou", "project_id": "cmmkill3"}, "timestamp": 1773144581016}
{"sessionId": "9376b5", "hypothesisId": "voices-core", "location": "voices.py:list_voices", "message": "Core list_voices", "data": {"x_user_id": "cmmdqrpv"}, "timestamp": 1773147641297.0505}
{"sessionId": "9376b5", "hypothesisId": "voices-core", "location": "voices.py:list_voices", "message": "Core list_voices result", "data": {"count": 5}, "timestamp": 1773147641319.7302}
{"sessionId": "9376b5", "hypothesisId": "voices-core", "location": "voices.py:list_voices", "message": "Core list_voices", "data": {"x_user_id": "cmmdqrpv"}, "timestamp": 1773147641342.3806}
{"sessionId": "9376b5", "hypothesisId": "voices-core", "location": "voices.py:list_voices", "message": "Core list_voices result", "data": {"count": 5}, "timestamp": 1773147641362.5437}
{"sessionId": "9376b5", "hypothesisId": "listbooks-core", "location": "app_pipeline.py:list_books", "message": "Core list_books entry", "data": {"user_id": "anonymou", "project_id": "cmmkill3"}, "timestamp": 1773147642601}
{"sessionId": "9376b5", "hypothesisId": "listbooks-core", "location": "app_pipeline.py:list_books", "message": "Core list_books result", "data": {"count": 1, "user_id": "anonymou", "project_id": "cmmkill3"}, "timestamp": 1773147642625}
{"sessionId": "9376b5", "hypothesisId": "listbooks-core", "location": "app_pipeline.py:list_books", "message": "Core list_books entry", "data": {"user_id": "anonymou", "project_id": "cmmkill3"}, "timestamp": 1773147642703}
{"sessionId": "9376b5", "hypothesisId": "listbooks-core", "location": "app_pipeline.py:list_books", "message": "Core list_books result", "data": {"count": 1, "user_id": "anonymou", "project_id": "cmmkill3"}, "timestamp": 1773147642732}
{"sessionId": "9376b5", "hypothesisId": "voices-core", "location": "voices.py:list_voices", "message": "Core list_voices", "data": {"x_user_id": "cmmdqrpv"}, "timestamp": 1773147653439.0264}
{"sessionId": "9376b5", "hypothesisId": "voices-core", "location": "voices.py:list_voices", "message": "Core list_voices result", "data": {"count": 5}, "timestamp": 1773147653456.0127}
{"sessionId": "9376b5", "hypothesisId": "voices-core", "location": "voices.py:list_voices", "message": "Core list_voices", "data": {"x_user_id": "cmmdqrpv"}, "timestamp": 1773147653724.2815}
{"sessionId": "9376b5", "hypothesisId": "voices-core", "location": "voices.py:list_voices", "message": "Core list_voices result", "data": {"count": 5}, "timestamp": 1773147653750.2483}
{"sessionId": "9376b5", "hypothesisId": "voices-core", "location": "voices.py:list_voices", "message": "Core list_voices", "data": {"x_user_id": "cmmdqrpv"}, "timestamp": 1773147653781.2043}
{"sessionId": "9376b5", "hypothesisId": "voices-core", "location": "voices.py:list_voices", "message": "Core list_voices result", "data": {"count": 5}, "timestamp": 1773147653805.0652}
{"sessionId": "9376b5", "hypothesisId": "listbooks-core", "location": "app_pipeline.py:list_books", "message": "Core list_books entry", "data": {"user_id": "anonymou", "project_id": "cmmkmbxp"}, "timestamp": 1773147653859}
{"sessionId": "9376b5", "hypothesisId": "listbooks-core", "location": "app_pipeline.py:list_books", "message": "Core list_books result", "data": {"count": 0, "user_id": "anonymou", "project_id": "cmmkmbxp"}, "timestamp": 1773147653894}
{"sessionId": "9376b5", "hypothesisId": "listbooks-core", "location": "app_pipeline.py:list_books", "message": "Core list_books entry", "data": {"user_id": "anonymou", "project_id": "cmmkmbxp"}, "timestamp": 1773147654006}
{"sessionId": "9376b5", "hypothesisId": "listbooks-core", "location": "app_pipeline.py:list_books", "message": "Core list_books result", "data": {"count": 0, "user_id": "anonymou", "project_id": "cmmkmbxp"}, "timestamp": 1773147654047}
{"sessionId": "9376b5", "hypothesisId": "upload-core", "location": "books.py:upload_book", "message": "Core upload_book entry", "data": {"user_id": "anonymou", "project_id": "cmmkmbxp"}, "timestamp": 1773147664619}
{"sessionId": "9376b5", "hypothesisId": "upload-core", "location": "books.py:upload_book", "message": "Core upload_book success", "data": {"book_id": "fa073ee6", "project_id": "cmmkmbxp"}, "timestamp": 1773147664694}
{"sessionId": "9376b5", "hypothesisId": "voices-core", "location": "voices.py:list_voices", "message": "Core list_voices", "data": {"x_user_id": "cmmdqrpv"}, "timestamp": 1773147664742.3855}
{"sessionId": "9376b5", "hypothesisId": "voices-core", "location": "voices.py:list_voices", "message": "Core list_voices result", "data": {"count": 5}, "timestamp": 1773147664763.0776}
{"sessionId": "9376b5", "hypothesisId": "listbooks-core", "location": "app_pipeline.py:list_books", "message": "Core list_books entry", "data": {"user_id": "anonymou", "project_id": "cmmkmbxp"}, "timestamp": 1773147664845}
{"sessionId": "9376b5", "hypothesisId": "listbooks-core", "location": "app_pipeline.py:list_books", "message": "Core list_books result", "data": {"count": 1, "user_id": "anonymou", "project_id": "cmmkmbxp"}, "timestamp": 1773147664910}
{"sessionId": "9376b5", "hypothesisId": "voices-core", "location": "voices.py:list_voices", "message": "Core list_voices", "data": {"x_user_id": "cmmdqrpv"}, "timestamp": 1773150682288.6433}
{"sessionId": "9376b5", "hypothesisId": "voices-core", "location": "voices.py:list_voices", "message": "Core list_voices result", "data": {"count": 5}, "timestamp": 1773150682308.8765}
{"sessionId": "9376b5", "hypothesisId": "listbooks-core", "location": "app_pipeline.py:list_books", "message": "Core list_books entry", "data": {"user_id": "anonymou", "project_id": "cmmkmbxp"}, "timestamp": 1773150682427}
{"sessionId": "9376b5", "hypothesisId": "listbooks-core", "location": "app_pipeline.py:list_books", "message": "Core list_books result", "data": {"count": 1, "user_id": "anonymou", "project_id": "cmmkmbxp"}, "timestamp": 1773150682470}
{"sessionId": "9376b5", "hypothesisId": "voices-core", "location": "voices.py:list_voices", "message": "Core list_voices", "data": {"x_user_id": "cmmdqrpv"}, "timestamp": 1773150892635.9272}
{"sessionId": "9376b5", "hypothesisId": "voices-core", "location": "voices.py:list_voices", "message": "Core list_voices result", "data": {"count": 5}, "timestamp": 1773150892663.7498}
{"sessionId": "9376b5", "hypothesisId": "voices-core", "location": "voices.py:list_voices", "message": "Core list_voices", "data": {"x_user_id": "cmmdqrpv"}, "timestamp": 1773150892703.6262}
{"sessionId": "9376b5", "hypothesisId": "voices-core", "location": "voices.py:list_voices", "message": "Core list_voices result", "data": {"count": 5}, "timestamp": 1773150892728.44}
{"sessionId": "9376b5", "hypothesisId": "listbooks-core", "location": "app_pipeline.py:list_books", "message": "Core list_books entry", "data": {"user_id": "igor9105", "project_id": "cmmkmbxp"}, "timestamp": 1773150893151}
{"sessionId": "9376b5", "hypothesisId": "listbooks-core", "location": "app_pipeline.py:list_books", "message": "Core list_books result", "data": {"count": 0, "user_id": "igor9105", "project_id": "cmmkmbxp"}, "timestamp": 1773150893224}
{"sessionId": "9376b5", "hypothesisId": "listbooks-core", "location": "app_pipeline.py:list_books", "message": "Core list_books entry", "data": {"user_id": "igor9105", "project_id": "cmmkmbxp"}, "timestamp": 1773150893315}
{"sessionId": "9376b5", "hypothesisId": "listbooks-core", "location": "app_pipeline.py:list_books", "message": "Core list_books result", "data": {"count": 0, "user_id": "igor9105", "project_id": "cmmkmbxp"}, "timestamp": 1773150893391}
{"sessionId": "9376b5", "hypothesisId": "voices-core", "location": "voices.py:list_voices", "message": "Core list_voices", "data": {"x_user_id": "cmmdqrpv"}, "timestamp": 1773151407606.3826}
{"sessionId": "9376b5", "hypothesisId": "voices-core", "location": "voices.py:list_voices", "message": "Core list_voices result", "data": {"count": 5}, "timestamp": 1773151407623.5864}
{"sessionId": "9376b5", "hypothesisId": "voices-core", "location": "voices.py:list_voices", "message": "Core list_voices", "data": {"x_user_id": "cmmdqrpv"}, "timestamp": 1773151408842.8218}
{"sessionId": "9376b5", "hypothesisId": "voices-core", "location": "voices.py:list_voices", "message": "Core list_voices result", "data": {"count": 5}, "timestamp": 1773151408870.4346}
{"sessionId": "9376b5", "hypothesisId": "voices-core", "location": "voices.py:list_voices", "message": "Core list_voices", "data": {"x_user_id": "cmmdqrpv"}, "timestamp": 1773151408894.3865}
{"sessionId": "9376b5", "hypothesisId": "voices-core", "location": "voices.py:list_voices", "message": "Core list_voices result", "data": {"count": 5}, "timestamp": 1773151408915.4314}
{"sessionId": "9376b5", "hypothesisId": "listbooks-core", "location": "app_pipeline.py:list_books", "message": "Core list_books entry", "data": {"user_id": "igor9105", "project_id": "cmmkokeg"}, "timestamp": 1773151409743}
{"sessionId": "9376b5", "hypothesisId": "listbooks-core", "location": "app_pipeline.py:list_books", "message": "Core list_books result", "data": {"count": 0, "user_id": "igor9105", "project_id": "cmmkokeg"}, "timestamp": 1773151409786}
{"sessionId": "9376b5", "hypothesisId": "listbooks-core", "location": "app_pipeline.py:list_books", "message": "Core list_books entry", "data": {"user_id": "igor9105", "project_id": "cmmkokeg"}, "timestamp": 1773151409902}
{"sessionId": "9376b5", "hypothesisId": "listbooks-core", "location": "app_pipeline.py:list_books", "message": "Core list_books result", "data": {"count": 0, "user_id": "igor9105", "project_id": "cmmkokeg"}, "timestamp": 1773151409962}
{"sessionId": "9376b5", "hypothesisId": "voices-core", "location": "voices.py:list_voices", "message": "Core list_voices", "data": {"x_user_id": "cmmdqrpv"}, "timestamp": 1773151728562.6592}
{"sessionId": "9376b5", "hypothesisId": "voices-core", "location": "voices.py:list_voices", "message": "Core list_voices result", "data": {"count": 5}, "timestamp": 1773151728580.7659}
{"sessionId": "9376b5", "hypothesisId": "voices-core", "location": "voices.py:list_voices", "message": "Core list_voices", "data": {"x_user_id": "cmmdqrpv"}, "timestamp": 1773151728606.5908}
{"sessionId": "9376b5", "hypothesisId": "voices-core", "location": "voices.py:list_voices", "message": "Core list_voices result", "data": {"count": 5}, "timestamp": 1773151728625.586}
{"sessionId": "9376b5", "hypothesisId": "listbooks-core", "location": "app_pipeline.py:list_books", "message": "Core list_books entry", "data": {"user_id": "igor9105", "project_id": "cmmkokeg"}, "timestamp": 1773151729604}
{"sessionId": "9376b5", "hypothesisId": "listbooks-core", "location": "app_pipeline.py:list_books", "message": "Core list_books result", "data": {"count": 0, "user_id": "igor9105", "project_id": "cmmkokeg"}, "timestamp": 1773151729654}
{"sessionId": "9376b5", "hypothesisId": "listbooks-core", "location": "app_pipeline.py:list_books", "message": "Core list_books entry", "data": {"user_id": "igor9105", "project_id": "cmmkokeg"}, "timestamp": 1773151729754}
{"sessionId": "9376b5", "hypothesisId": "listbooks-core", "location": "app_pipeline.py:list_books", "message": "Core list_books result", "data": {"count": 0, "user_id": "igor9105", "project_id": "cmmkokeg"}, "timestamp": 1773151729836}
{"sessionId": "9376b5", "hypothesisId": "upload-core", "location": "books.py:upload_book", "message": "Core upload_book entry", "data": {"user_id": "igor9105", "project_id": "cmmkokeg"}, "timestamp": 1773151799426}
{"sessionId": "9376b5", "hypothesisId": "upload-core", "location": "books.py:upload_book", "message": "Core upload_book success", "data": {"book_id": "3f445af1", "project_id": "cmmkokeg"}, "timestamp": 1773151799474}
{"sessionId": "9376b5", "hypothesisId": "voices-core", "location": "voices.py:list_voices", "message": "Core list_voices", "data": {"x_user_id": "cmmdqrpv"}, "timestamp": 1773151799513.1921}
{"sessionId": "9376b5", "hypothesisId": "voices-core", "location": "voices.py:list_voices", "message": "Core list_voices result", "data": {"count": 5}, "timestamp": 1773151799536.3723}
{"sessionId": "9376b5", "hypothesisId": "listbooks-core", "location": "app_pipeline.py:list_books", "message": "Core list_books entry", "data": {"user_id": "igor9105", "project_id": "cmmkokeg"}, "timestamp": 1773151799640}
{"sessionId": "9376b5", "hypothesisId": "listbooks-core", "location": "app_pipeline.py:list_books", "message": "Core list_books result", "data": {"count": 1, "user_id": "igor9105", "project_id": "cmmkokeg"}, "timestamp": 1773151799732}
{"sessionId": "9376b5", "hypothesisId": "voices-core", "location": "voices.py:list_voices", "message": "Core list_voices", "data": {"x_user_id": "cmmdqrpv"}, "timestamp": 1773151910977.6304}
{"sessionId": "9376b5", "hypothesisId": "voices-core", "location": "voices.py:list_voices", "message": "Core list_voices result", "data": {"count": 5}, "timestamp": 1773151911845.7153}
{"sessionId": "9376b5", "hypothesisId": "listbooks-core", "location": "app_pipeline.py:list_books", "message": "Core list_books entry", "data": {"user_id": "igor9105", "project_id": "cmmkokeg"}, "timestamp": 1773151913507}
{"sessionId": "9376b5", "hypothesisId": "listbooks-core", "location": "app_pipeline.py:list_books", "message": "Core list_books result", "data": {"count": 1, "user_id": "igor9105", "project_id": "cmmkokeg"}, "timestamp": 1773151913595}
{"sessionId": "9376b5", "hypothesisId": "voices-core", "location": "voices.py:list_voices", "message": "Core list_voices", "data": {"x_user_id": "cmmdqrpv"}, "timestamp": 1773164170358.9963}
{"sessionId": "9376b5", "hypothesisId": "voices-core", "location": "voices.py:list_voices", "message": "Core list_voices result", "data": {"count": 5}, "timestamp": 1773164170380.9243}
{"sessionId": "9376b5", "hypothesisId": "voices-core", "location": "voices.py:list_voices", "message": "Core list_voices", "data": {"x_user_id": "cmmdqrpv"}, "timestamp": 1773164170412.004}
{"sessionId": "9376b5", "hypothesisId": "voices-core", "location": "voices.py:list_voices", "message": "Core list_voices result", "data": {"count": 5}, "timestamp": 1773164170441.928}
{"sessionId": "9376b5", "hypothesisId": "listbooks-core", "location": "app_pipeline.py:list_books", "message": "Core list_books entry", "data": {"user_id": "igor9105", "project_id": "cmmkokeg"}, "timestamp": 1773164171286}
{"sessionId": "9376b5", "hypothesisId": "listbooks-core", "location": "app_pipeline.py:list_books", "message": "Core list_books result", "data": {"count": 1, "user_id": "igor9105", "project_id": "cmmkokeg"}, "timestamp": 1773164171383}
{"sessionId": "9376b5", "hypothesisId": "listbooks-core", "location": "app_pipeline.py:list_books", "message": "Core list_books entry", "data": {"user_id": "igor9105", "project_id": "cmmkokeg"}, "timestamp": 1773164171489}
{"sessionId": "9376b5", "hypothesisId": "listbooks-core", "location": "app_pipeline.py:list_books", "message": "Core list_books result", "data": {"count": 1, "user_id": "igor9105", "project_id": "cmmkokeg"}, "timestamp": 1773164171552}
{"sessionId": "9376b5", "hypothesisId": "voices-core", "location": "voices.py:list_voices", "message": "Core list_voices", "data": {"x_user_id": "cmmdqrpv"}, "timestamp": 1773164413428.498}
{"sessionId": "9376b5", "hypothesisId": "voices-core", "location": "voices.py:list_voices", "message": "Core list_voices result", "data": {"count": 5}, "timestamp": 1773164413446.666}
{"sessionId": "9376b5", "hypothesisId": "voices-core", "location": "voices.py:list_voices", "message": "Core list_voices", "data": {"x_user_id": "cmmdqrpv"}, "timestamp": 1773164413719.6716}
{"sessionId": "9376b5", "hypothesisId": "voices-core", "location": "voices.py:list_voices", "message": "Core list_voices result", "data": {"count": 5}, "timestamp": 1773164413756.8875}
{"sessionId": "9376b5", "hypothesisId": "voices-core", "location": "voices.py:list_voices", "message": "Core list_voices", "data": {"x_user_id": "cmmdqrpv"}, "timestamp": 1773164413790.5637}
{"sessionId": "9376b5", "hypothesisId": "voices-core", "location": "voices.py:list_voices", "message": "Core list_voices result", "data": {"count": 5}, "timestamp": 1773164413815.5002}
{"sessionId": "9376b5", "hypothesisId": "listbooks-core", "location": "app_pipeline.py:list_books", "message": "Core list_books entry", "data": {"user_id": "igor9105", "project_id": "cmmkwb5t"}, "timestamp": 1773164413890}
{"sessionId": "9376b5", "hypothesisId": "listbooks-core", "location": "app_pipeline.py:list_books", "message": "Core list_books result", "data": {"count": 0, "user_id": "igor9105", "project_id": "cmmkwb5t"}, "timestamp": 1773164413971}
{"sessionId": "9376b5", "hypothesisId": "listbooks-core", "location": "app_pipeline.py:list_books", "message": "Core list_books entry", "data": {"user_id": "igor9105", "project_id": "cmmkwb5t"}, "timestamp": 1773164414107}
{"sessionId": "9376b5", "hypothesisId": "listbooks-core", "location": "app_pipeline.py:list_books", "message": "Core list_books result", "data": {"count": 0, "user_id": "igor9105", "project_id": "cmmkwb5t"}, "timestamp": 1773164414191}
{"sessionId": "9376b5", "hypothesisId": "upload-core", "location": "books.py:upload_book", "message": "Core upload_book entry", "data": {"user_id": "igor9105", "project_id": "cmmkwb5t"}, "timestamp": 1773164427866}
{"sessionId": "9376b5", "hypothesisId": "upload-core", "location": "books.py:upload_book", "message": "Core upload_book success", "data": {"book_id": "ee5e5ad3", "project_id": "cmmkwb5t"}, "timestamp": 1773164427963}
{"sessionId": "9376b5", "hypothesisId": "voices-core", "location": "voices.py:list_voices", "message": "Core list_voices", "data": {"x_user_id": "cmmdqrpv"}, "timestamp": 1773164428028.1194}
{"sessionId": "9376b5", "hypothesisId": "voices-core", "location": "voices.py:list_voices", "message": "Core list_voices result", "data": {"count": 5}, "timestamp": 1773164428069.1643}
{"sessionId": "9376b5", "hypothesisId": "listbooks-core", "location": "app_pipeline.py:list_books", "message": "Core list_books entry", "data": {"user_id": "igor9105", "project_id": "cmmkwb5t"}, "timestamp": 1773164428161}
{"sessionId": "9376b5", "hypothesisId": "listbooks-core", "location": "app_pipeline.py:list_books", "message": "Core list_books result", "data": {"count": 1, "user_id": "igor9105", "project_id": "cmmkwb5t"}, "timestamp": 1773164428278}
{"sessionId": "9376b5", "hypothesisId": "voices-core", "location": "voices.py:list_voices", "message": "Core list_voices", "data": {"x_user_id": "cmmdqrpv"}, "timestamp": 1773164608450.6077}
{"sessionId": "9376b5", "hypothesisId": "voices-core", "location": "voices.py:list_voices", "message": "Core list_voices result", "data": {"count": 5}, "timestamp": 1773164608471.2837}
{"sessionId": "9376b5", "hypothesisId": "voices-core", "location": "voices.py:list_voices", "message": "Core list_voices", "data": {"x_user_id": "cmmdqrpv"}, "timestamp": 1773164608498.1873}
{"sessionId": "9376b5", "hypothesisId": "voices-core", "location": "voices.py:list_voices", "message": "Core list_voices result", "data": {"count": 5}, "timestamp": 1773164608521.6584}
{"sessionId": "9376b5", "hypothesisId": "listbooks-core", "location": "app_pipeline.py:list_books", "message": "Core list_books entry", "data": {"user_id": "igor9105", "project_id": "cmmkwb5t"}, "timestamp": 1773164609295}
{"sessionId": "9376b5", "hypothesisId": "listbooks-core", "location": "app_pipeline.py:list_books", "message": "Core list_books result", "data": {"count": 1, "user_id": "igor9105", "project_id": "cmmkwb5t"}, "timestamp": 1773164609351}
{"sessionId": "9376b5", "hypothesisId": "listbooks-core", "location": "app_pipeline.py:list_books", "message": "Core list_books entry", "data": {"user_id": "igor9105", "project_id": "cmmkwb5t"}, "timestamp": 1773164609453}
{"sessionId": "9376b5", "hypothesisId": "listbooks-core", "location": "app_pipeline.py:list_books", "message": "Core list_books result", "data": {"count": 1, "user_id": "igor9105", "project_id": "cmmkwb5t"}, "timestamp": 1773164609540}
{"sessionId": "9376b5", "hypothesisId": "voices-core", "location": "voices.py:list_voices", "message": "Core list_voices", "data": {"x_user_id": "cmmdqrpv"}, "timestamp": 1773164850616.0789}
{"sessionId": "9376b5", "hypothesisId": "voices-core", "location": "voices.py:list_voices", "message": "Core list_voices result", "data": {"count": 5}, "timestamp": 1773164850634.2185}
{"sessionId": "9376b5", "hypothesisId": "listbooks-core", "location": "app_pipeline.py:list_books", "message": "Core list_books entry", "data": {"user_id": "igor9105", "project_id": "cmmkwb5t"}, "timestamp": 1773164850722}
{"sessionId": "9376b5", "hypothesisId": "listbooks-core", "location": "app_pipeline.py:list_books", "message": "Core list_books result", "data": {"count": 1, "user_id": "igor9105", "project_id": "cmmkwb5t"}, "timestamp": 1773164850800}
{"sessionId": "9376b5", "hypothesisId": "voices-core", "location": "voices.py:list_voices", "message": "Core list_voices", "data": {"x_user_id": "cmmdqrpv"}, "timestamp": 1773164886072.33}
{"sessionId": "9376b5", "hypothesisId": "voices-core", "location": "voices.py:list_voices", "message": "Core list_voices result", "data": {"count": 5}, "timestamp": 1773164886094.5732}
{"sessionId": "9376b5", "hypothesisId": "voices-core", "location": "voices.py:list_voices", "message": "Core list_voices", "data": {"x_user_id": "cmmdqrpv"}, "timestamp": 1773164886118.3032}
{"sessionId": "9376b5", "hypothesisId": "voices-core", "location": "voices.py:list_voices", "message": "Core list_voices result", "data": {"count": 5}, "timestamp": 1773164886141.836}
{"sessionId": "9376b5", "hypothesisId": "listbooks-core", "location": "app_pipeline.py:list_books", "message": "Core list_books entry", "data": {"user_id": "igor9105", "project_id": "cmmkwb5t"}, "timestamp": 1773164886194}
{"sessionId": "9376b5", "hypothesisId": "listbooks-core", "location": "app_pipeline.py:list_books", "message": "Core list_books result", "data": {"count": 1, "user_id": "igor9105", "project_id": "cmmkwb5t"}, "timestamp": 1773164886283}
{"sessionId": "9376b5", "hypothesisId": "listbooks-core", "location": "app_pipeline.py:list_books", "message": "Core list_books entry", "data": {"user_id": "igor9105", "project_id": "cmmkwb5t"}, "timestamp": 1773164886409}
{"sessionId": "9376b5", "hypothesisId": "listbooks-core", "location": "app_pipeline.py:list_books", "message": "Core list_books result", "data": {"count": 1, "user_id": "igor9105", "project_id": "cmmkwb5t"}, "timestamp": 1773164886505}
{"sessionId": "9376b5", "hypothesisId": "voices-core", "location": "voices.py:list_voices", "message": "Core list_voices", "data": {"x_user_id": "cmmdqrpv"}, "timestamp": 1773164891819.7795}
{"sessionId": "9376b5", "hypothesisId": "voices-core", "location": "voices.py:list_voices", "message": "Core list_voices result", "data": {"count": 5}, "timestamp": 1773164892526.0625}
{"sessionId": "9376b5", "hypothesisId": "listbooks-core", "location": "app_pipeline.py:list_books", "message": "Core list_books entry", "data": {"user_id": "igor9105", "project_id": "cmmkwb5t"}, "timestamp": 1773164896445}
{"sessionId": "9376b5", "hypothesisId": "listbooks-core", "location": "app_pipeline.py:list_books", "message": "Core list_books result", "data": {"count": 1, "user_id": "igor9105", "project_id": "cmmkwb5t"}, "timestamp": 1773164896550}
